<?xml version="1.0" encoding="UTF-8" ?>
<testsuite failures="0" time="0.781" errors="4" skipped="0" tests="4" name="edu.upc.clases.demo.ClienteDaoTest">
  <properties>
[...]
</properties>
  <testcase time="0.203" classname="edu.upc.clases.demo.ClienteDaoTest" name="testBuscarPorLetras">
    <error message="Failed to load ApplicationContext" type="java.lang.IllegalStateException">java.lang.IllegalStateException: Failed to load ApplicationContext
	at org.springframework.test.context.TestContext.getApplicationContext(TestContext.java:157)
	at org.springframework.test.context.support.DependencyInjectionTestExecutionListener.injectDependencies(DependencyInjectionTestExecutionListener.java:109)
	at org.springframework.test.context.support.DependencyInjectionTestExecutionListener.prepareTestInstance(DependencyInjectionTestExecutionListener.java:75)
	at org.springframework.test.context.TestContextManager.prepareTestInstance(TestContextManager.java:321)
	at org.springframework.test.context.junit4.SpringJUnit4ClassRunner.createTest(SpringJUnit4ClassRunner.java:211)
	at org.springframework.test.context.junit4.SpringJUnit4ClassRunner$1.runReflectiveCall(SpringJUnit4ClassRunner.java:288)
	at org.junit.internal.runners.model.ReflectiveCallable.run(ReflectiveCallable.java:15)
	at org.springframework.test.context.junit4.SpringJUnit4ClassRunner.methodBlock(SpringJUnit4ClassRunner.java:290)
	at org.springframework.test.context.junit4.SpringJUnit4ClassRunner.runChild(SpringJUnit4ClassRunner.java:231)
	at org.junit.runners.BlockJUnit4ClassRunner.runChild(BlockJUnit4ClassRunner.java:49)
	at org.junit.runners.ParentRunner$3.run(ParentRunner.java:193)
	at org.junit.runners.ParentRunner$1.schedule(ParentRunner.java:52)
	at org.junit.runners.ParentRunner.runChildren(ParentRunner.java:191)
	at org.junit.runners.ParentRunner.access$000(ParentRunner.java:42)
	at org.junit.runners.ParentRunner$2.evaluate(ParentRunner.java:184)
	at org.springframework.test.context.junit4.statements.RunBeforeTestClassCallbacks.evaluate(RunBeforeTestClassCallbacks.java:61)
	at org.springframework.test.context.junit4.statements.RunAfterTestClassCallbacks.evaluate(RunAfterTestClassCallbacks.java:71)
	at org.junit.runners.ParentRunner.run(ParentRunner.java:236)
	at org.springframework.test.context.junit4.SpringJUnit4ClassRunner.run(SpringJUnit4ClassRunner.java:174)
	at org.apache.maven.surefire.junit4.JUnit4TestSet.execute(JUnit4TestSet.java:53)
	at org.apache.maven.surefire.junit4.JUnit4Provider.executeTestSet(JUnit4Provider.java:123)
	at org.apache.maven.surefire.junit4.JUnit4Provider.invoke(JUnit4Provider.java:104)
	at sun.reflect.NativeMethodAccessorImpl.invoke0(Native Method)
	at sun.reflect.NativeMethodAccessorImpl.invoke(NativeMethodAccessorImpl.java:57)
	at sun.reflect.DelegatingMethodAccessorImpl.invoke(DelegatingMethodAccessorImpl.java:43)
	at java.lang.reflect.Method.invoke(Method.java:601)
	at org.apache.maven.surefire.util.ReflectionUtils.invokeMethodWithArray(ReflectionUtils.java:164)
	at org.apache.maven.surefire.booter.ProviderFactory$ProviderProxy.invoke(ProviderFactory.java:110)
	at org.apache.maven.surefire.booter.SurefireStarter.invokeProvider(SurefireStarter.java:175)
	at org.apache.maven.surefire.booter.SurefireStarter.runSuitesInProcessWhenForked(SurefireStarter.java:107)
	at org.apache.maven.surefire.booter.ForkedBooter.main(ForkedBooter.java:68)
Caused by: org.springframework.beans.factory.BeanCreationException: Error creating bean with name &apos;org.springframework.jdbc.datasource.init.DataSourceInitializer#0&apos;: Invocation of init method failed; nested exception is org.springframework.dao.DataAccessResourceFailureException: Failed to execute database script; nested exception is org.apache.commons.dbcp.SQLNestedException: Cannot create PoolableConnectionFactory (Access denied for user &apos;springmvc&apos;@&apos;localhost&apos; (using password: YES))
	at org.springframework.beans.factory.support.AbstractAutowireCapableBeanFactory.initializeBean(AbstractAutowireCapableBeanFactory.java:1455)
	at org.springframework.beans.factory.support.AbstractAutowireCapableBeanFactory.doCreateBean(AbstractAutowireCapableBeanFactory.java:519)
	at org.springframework.beans.factory.support.AbstractAutowireCapableBeanFactory.createBean(AbstractAutowireCapableBeanFactory.java:456)
	at org.springframework.beans.factory.support.AbstractBeanFactory$1.getObject(AbstractBeanFactory.java:294)
	at org.springframework.beans.factory.support.DefaultSingletonBeanRegistry.getSingleton(DefaultSingletonBeanRegistry.java:225)
	at org.springframework.beans.factory.support.AbstractBeanFactory.doGetBean(AbstractBeanFactory.java:291)
	at org.springframework.beans.factory.support.AbstractBeanFactory.getBean(AbstractBeanFactory.java:193)
	at org.springframework.beans.factory.support.DefaultListableBeanFactory.preInstantiateSingletons(DefaultListableBeanFactory.java:585)
	at org.springframework.context.support.AbstractApplicationContext.finishBeanFactoryInitialization(AbstractApplicationContext.java:913)
	at org.springframework.context.support.AbstractApplicationContext.refresh(AbstractApplicationContext.java:464)
	at org.springframework.test.context.support.AbstractGenericContextLoader.loadContext(AbstractGenericContextLoader.java:103)
	at org.springframework.test.context.support.AbstractGenericContextLoader.loadContext(AbstractGenericContextLoader.java:1)
	at org.springframework.test.context.support.DelegatingSmartContextLoader.loadContext(DelegatingSmartContextLoader.java:228)
	at org.springframework.test.context.TestContext.loadApplicationContext(TestContext.java:124)
	at org.springframework.test.context.TestContext.getApplicationContext(TestContext.java:148)
	... 30 more
Caused by: org.springframework.dao.DataAccessResourceFailureException: Failed to execute database script; nested exception is org.apache.commons.dbcp.SQLNestedException: Cannot create PoolableConnectionFactory (Access denied for user &apos;springmvc&apos;@&apos;localhost&apos; (using password: YES))
	at org.springframework.jdbc.datasource.init.DatabasePopulatorUtils.execute(DatabasePopulatorUtils.java:57)
	at org.springframework.jdbc.datasource.init.DataSourceInitializer.afterPropertiesSet(DataSourceInitializer.java:83)
	at org.springframework.beans.factory.support.AbstractAutowireCapableBeanFactory.invokeInitMethods(AbstractAutowireCapableBeanFactory.java:1514)
	at org.springframework.beans.factory.support.AbstractAutowireCapableBeanFactory.initializeBean(AbstractAutowireCapableBeanFactory.java:1452)
	... 44 more
Caused by: org.apache.commons.dbcp.SQLNestedException: Cannot create PoolableConnectionFactory (Access denied for user &apos;springmvc&apos;@&apos;localhost&apos; (using password: YES))
	at org.apache.commons.dbcp.BasicDataSource.createDataSource(BasicDataSource.java:1225)
	at org.apache.commons.dbcp.BasicDataSource.getConnection(BasicDataSource.java:880)
	at org.springframework.jdbc.datasource.init.DatabasePopulatorUtils.execute(DatabasePopulatorUtils.java:43)
	... 47 more
Caused by: java.sql.SQLException: Access denied for user &apos;springmvc&apos;@&apos;localhost&apos; (using password: YES)
	at com.mysql.jdbc.SQLError.createSQLException(SQLError.java:1073)
	at com.mysql.jdbc.MysqlIO.checkErrorPacket(MysqlIO.java:3593)
	at com.mysql.jdbc.MysqlIO.checkErrorPacket(MysqlIO.java:3525)
	at com.mysql.jdbc.MysqlIO.checkErrorPacket(MysqlIO.java:931)
	at com.mysql.jdbc.MysqlIO.secureAuth411(MysqlIO.java:4031)
	at com.mysql.jdbc.MysqlIO.doHandshake(MysqlIO.java:1296)
	at com.mysql.jdbc.ConnectionImpl.coreConnect(ConnectionImpl.java:2338)
	at com.mysql.jdbc.ConnectionImpl.connectOneTryOnly(ConnectionImpl.java:2371)
	at com.mysql.jdbc.ConnectionImpl.createNewIO(ConnectionImpl.java:2163)
	at com.mysql.jdbc.ConnectionImpl.&lt;init&gt;(ConnectionImpl.java:794)
	at com.mysql.jdbc.JDBC4Connection.&lt;init&gt;(JDBC4Connection.java:47)
	at sun.reflect.NativeConstructorAccessorImpl.newInstance0(Native Method)
	at sun.reflect.NativeConstructorAccessorImpl.newInstance(NativeConstructorAccessorImpl.java:57)
	at sun.reflect.DelegatingConstructorAccessorImpl.newInstance(DelegatingConstructorAccessorImpl.java:45)
	at java.lang.reflect.Constructor.newInstance(Constructor.java:525)
	at com.mysql.jdbc.Util.handleNewInstance(Util.java:407)
	at com.mysql.jdbc.ConnectionImpl.getInstance(ConnectionImpl.java:378)
	at com.mysql.jdbc.NonRegisteringDriver.connect(NonRegisteringDriver.java:305)
	at org.apache.commons.dbcp.DriverConnectionFactory.createConnection(DriverConnectionFactory.java:38)
	at org.apache.commons.dbcp.PoolableConnectionFactory.makeObject(PoolableConnectionFactory.java:294)
	at org.apache.commons.dbcp.BasicDataSource.validateConnectionFactory(BasicDataSource.java:1247)
	at org.apache.commons.dbcp.BasicDataSource.createDataSource(BasicDataSource.java:1221)
	... 49 more
</error>
    <system-out>28/03/2013 17:49:39 DEBUG (DirtiesContextTestExecutionListener.java:113) After test class: context [[TestContext@1d0bc85 testClass = ArmadoSalaTest, testInstance = [null], testMethod = [null], testException = [null], mergedContextConfiguration = [MergedContextConfiguration@1e61582 testClass = ArmadoSalaTest, locations = &apos;{classpath:/spring-base-test.xml}&apos;, classes = &apos;{}&apos;, activeProfiles = &apos;{}&apos;, contextLoader = &apos;org.springframework.test.context.support.DelegatingSmartContextLoader&apos;]]], dirtiesContext [false].
28/03/2013 17:49:39 DEBUG (SpringJUnit4ClassRunner.java:106) SpringJUnit4ClassRunner constructor called with [class edu.upc.clases.demo.ClienteDaoTest].
28/03/2013 17:49:39 DEBUG (DelegatingSmartContextLoader.java:75) Delegating to GenericXmlContextLoader to process context configuration [ContextConfigurationAttributes@1af0db6 declaringClass = &apos;edu.upc.clases.demo.ClienteDaoTest&apos;, locations = &apos;{/spring-base-test.xml}&apos;, classes = &apos;{}&apos;, inheritLocations = true, contextLoaderClass = &apos;org.springframework.test.context.ContextLoader&apos;].
28/03/2013 17:49:39 DEBUG (ContextLoaderUtils.java:236) Could not find an &apos;annotation declaring class&apos; for annotation type [interface org.springframework.test.context.ActiveProfiles] and class [class edu.upc.clases.demo.ClienteDaoTest]
28/03/2013 17:49:39 INFO  (TestContextManager.java:185) @TestExecutionListeners is not present for class [class edu.upc.clases.demo.ClienteDaoTest]: using defaults.
28/03/2013 17:49:39 DEBUG (ProfileValueUtils.java:68) Retrieved @ProfileValueSourceConfiguration [null] for test class [edu.upc.clases.demo.ClienteDaoTest]
28/03/2013 17:49:39 DEBUG (ProfileValueUtils.java:80) Retrieved ProfileValueSource type [class org.springframework.test.annotation.SystemProfileValueSource] for class [edu.upc.clases.demo.ClienteDaoTest]
28/03/2013 17:49:39 DEBUG (ProfileValueUtils.java:68) Retrieved @ProfileValueSourceConfiguration [null] for test class [edu.upc.clases.demo.ClienteDaoTest]
28/03/2013 17:49:39 DEBUG (ProfileValueUtils.java:80) Retrieved ProfileValueSource type [class org.springframework.test.annotation.SystemProfileValueSource] for class [edu.upc.clases.demo.ClienteDaoTest]
28/03/2013 17:49:39 DEBUG (ProfileValueUtils.java:68) Retrieved @ProfileValueSourceConfiguration [null] for test class [edu.upc.clases.demo.ClienteDaoTest]
28/03/2013 17:49:39 DEBUG (ProfileValueUtils.java:80) Retrieved ProfileValueSource type [class org.springframework.test.annotation.SystemProfileValueSource] for class [edu.upc.clases.demo.ClienteDaoTest]
28/03/2013 17:49:39 DEBUG (DependencyInjectionTestExecutionListener.java:73) Performing dependency injection for test context [[TestContext@18dd88b testClass = ClienteDaoTest, testInstance = edu.upc.clases.demo.ClienteDaoTest@18395a7, testMethod = [null], testException = [null], mergedContextConfiguration = [MergedContextConfiguration@1d61c3b testClass = ClienteDaoTest, locations = &apos;{classpath:/spring-base-test.xml}&apos;, classes = &apos;{}&apos;, activeProfiles = &apos;{}&apos;, contextLoader = &apos;org.springframework.test.context.support.DelegatingSmartContextLoader&apos;]]].
28/03/2013 17:49:39 DEBUG (DelegatingSmartContextLoader.java:226) Delegating to GenericXmlContextLoader to load context from [MergedContextConfiguration@1d61c3b testClass = ClienteDaoTest, locations = &apos;{classpath:/spring-base-test.xml}&apos;, classes = &apos;{}&apos;, activeProfiles = &apos;{}&apos;, contextLoader = &apos;org.springframework.test.context.support.DelegatingSmartContextLoader&apos;].
28/03/2013 17:49:39 DEBUG (AbstractGenericContextLoader.java:93) Loading ApplicationContext for merged context configuration [[MergedContextConfiguration@1d61c3b testClass = ClienteDaoTest, locations = &apos;{classpath:/spring-base-test.xml}&apos;, classes = &apos;{}&apos;, activeProfiles = &apos;{}&apos;, contextLoader = &apos;org.springframework.test.context.support.DelegatingSmartContextLoader&apos;]].
28/03/2013 17:49:39 DEBUG (AbstractEnvironment.java:114) Initializing new StandardEnvironment
28/03/2013 17:49:39 DEBUG (MutablePropertySources.java:103) Adding [systemProperties] PropertySource with lowest search precedence
28/03/2013 17:49:39 DEBUG (MutablePropertySources.java:103) Adding [systemEnvironment] PropertySource with lowest search precedence
28/03/2013 17:49:39 DEBUG (AbstractEnvironment.java:120) Initialized StandardEnvironment with PropertySources [systemProperties,systemEnvironment]
28/03/2013 17:49:39 DEBUG (AbstractEnvironment.java:114) Initializing new StandardEnvironment
28/03/2013 17:49:39 DEBUG (MutablePropertySources.java:103) Adding [systemProperties] PropertySource with lowest search precedence
28/03/2013 17:49:39 DEBUG (MutablePropertySources.java:103) Adding [systemEnvironment] PropertySource with lowest search precedence
28/03/2013 17:49:39 DEBUG (AbstractEnvironment.java:120) Initialized StandardEnvironment with PropertySources [systemProperties,systemEnvironment]
28/03/2013 17:49:39 INFO  (XmlBeanDefinitionReader.java:315) Loading XML bean definitions from class path resource [spring-base-test.xml]
28/03/2013 17:49:39 DEBUG (DefaultDocumentLoader.java:72) Using JAXP provider [com.sun.org.apache.xerces.internal.jaxp.DocumentBuilderFactoryImpl]
28/03/2013 17:49:39 DEBUG (PluggableSchemaResolver.java:140) Loading schema mappings from [META-INF/spring.schemas]
28/03/2013 17:49:39 DEBUG (PluggableSchemaResolver.java:146) Loaded schema mappings: {http://www.springframework.org/schema/util/spring-util.xsd=org/springframework/beans/factory/xml/spring-util-3.1.xsd, http://www.springframework.org/schema/mvc/spring-mvc-3.1.xsd=org/springframework/web/servlet/config/spring-mvc-3.1.xsd, http://www.springframework.org/schema/beans/spring-beans-3.1.xsd=org/springframework/beans/factory/xml/spring-beans-3.1.xsd, http://www.springframework.org/schema/task/spring-task.xsd=org/springframework/scheduling/config/spring-task-3.1.xsd, http://www.springframework.org/schema/security/spring-security-2.0.2.xsd=org/springframework/security/config/spring-security-2.0.2.xsd, http://www.springframework.org/schema/cache/spring-cache.xsd=org/springframework/cache/config/spring-cache-3.1.xsd, http://www.springframework.org/schema/aop/spring-aop-3.0.xsd=org/springframework/aop/config/spring-aop-3.0.xsd, http://www.springframework.org/schema/aop/spring-aop-2.0.xsd=org/springframework/aop/config/spring-aop-2.0.xsd, http://www.springframework.org/schema/task/spring-task-3.1.xsd=org/springframework/scheduling/config/spring-task-3.1.xsd, http://www.springframework.org/schema/tool/spring-tool-2.5.xsd=org/springframework/beans/factory/xml/spring-tool-2.5.xsd, http://www.springframework.org/schema/security/spring-security-3.1.xsd=org/springframework/security/config/spring-security-3.1.xsd, http://www.springframework.org/schema/beans/spring-beans.xsd=org/springframework/beans/factory/xml/spring-beans-3.1.xsd, http://www.springframework.org/schema/jee/spring-jee-2.5.xsd=org/springframework/ejb/config/spring-jee-2.5.xsd, http://www.springframework.org/schema/jdbc/spring-jdbc-3.1.xsd=org/springframework/jdbc/config/spring-jdbc-3.1.xsd, http://www.springframework.org/schema/tool/spring-tool-3.1.xsd=org/springframework/beans/factory/xml/spring-tool-3.1.xsd, http://www.springframework.org/schema/security/spring-security-3.0.3.xsd=org/springframework/security/config/spring-security-3.0.3.xsd, http://www.springframework.org/schema/aop/spring-aop.xsd=org/springframework/aop/config/spring-aop-3.0.xsd, http://www.springframework.org/schema/jee/spring-jee-3.1.xsd=org/springframework/ejb/config/spring-jee-3.1.xsd, http://www.springframework.org/schema/beans/spring-beans-2.0.xsd=org/springframework/beans/factory/xml/spring-beans-2.0.xsd, http://www.springframework.org/schema/mvc/spring-mvc-3.0.xsd=org/springframework/web/servlet/config/spring-mvc-3.0.xsd, http://www.springframework.org/schema/beans/spring-beans-3.0.xsd=org/springframework/beans/factory/xml/spring-beans-3.0.xsd, http://www.springframework.org/schema/security/spring-security-2.0.1.xsd=org/springframework/security/config/spring-security-2.0.1.xsd, http://www.springframework.org/schema/task/spring-task-3.0.xsd=org/springframework/scheduling/config/spring-task-3.0.xsd, http://www.springframework.org/schema/security/spring-security-2.0.xsd=org/springframework/security/config/spring-security-2.0.xsd, http://www.springframework.org/schema/security/spring-security-3.0.xsd=org/springframework/security/config/spring-security-3.0.xsd, http://www.springframework.org/schema/tx/spring-tx-2.5.xsd=org/springframework/transaction/config/spring-tx-2.5.xsd, http://www.springframework.org/schema/context/spring-context-2.5.xsd=org/springframework/context/config/spring-context-2.5.xsd, http://www.springframework.org/schema/jdbc/spring-jdbc-3.0.xsd=org/springframework/jdbc/config/spring-jdbc-3.0.xsd, http://www.springframework.org/schema/tool/spring-tool-3.0.xsd=org/springframework/beans/factory/xml/spring-tool-3.0.xsd, http://www.springframework.org/schema/tx/spring-tx.xsd=org/springframework/transaction/config/spring-tx-3.1.xsd, http://www.springframework.org/schema/tool/spring-tool-2.0.xsd=org/springframework/beans/factory/xml/spring-tool-2.0.xsd, http://www.springframework.org/schema/util/spring-util-2.5.xsd=org/springframework/beans/factory/xml/spring-util-2.5.xsd, http://www.springframework.org/schema/lang/spring-lang.xsd=org/springframework/scripting/config/spring-lang-3.1.xsd, http://www.springframework.org/schema/lang/spring-lang-2.5.xsd=org/springframework/scripting/config/spring-lang-2.5.xsd, http://www.springframework.org/schema/security/spring-security-2.0.4.xsd=org/springframework/security/config/spring-security-2.0.4.xsd, http://www.springframework.org/schema/jee/spring-jee-3.0.xsd=org/springframework/ejb/config/spring-jee-3.0.xsd, http://www.springframework.org/schema/tx/spring-tx-3.1.xsd=org/springframework/transaction/config/spring-tx-3.1.xsd, http://www.springframework.org/schema/jee/spring-jee-2.0.xsd=org/springframework/ejb/config/spring-jee-2.0.xsd, http://www.springframework.org/schema/context/spring-context-3.1.xsd=org/springframework/context/config/spring-context-3.1.xsd, http://www.springframework.org/schema/util/spring-util-3.1.xsd=org/springframework/beans/factory/xml/spring-util-3.1.xsd, http://www.springframework.org/schema/lang/spring-lang-3.1.xsd=org/springframework/scripting/config/spring-lang-3.1.xsd, http://www.springframework.org/schema/cache/spring-cache-3.1.xsd=org/springframework/cache/config/spring-cache-3.1.xsd, http://www.springframework.org/schema/security/spring-security.xsd=org/springframework/security/config/spring-security-3.1.xsd, http://www.springframework.org/schema/context/spring-context.xsd=org/springframework/context/config/spring-context-3.1.xsd, http://www.springframework.org/schema/jee/spring-jee.xsd=org/springframework/ejb/config/spring-jee-3.1.xsd, http://www.springframework.org/schema/aop/spring-aop-2.5.xsd=org/springframework/aop/config/spring-aop-2.5.xsd, http://www.springframework.org/schema/mvc/spring-mvc.xsd=org/springframework/web/servlet/config/spring-mvc-3.1.xsd, http://www.springframework.org/schema/jdbc/spring-jdbc.xsd=org/springframework/jdbc/config/spring-jdbc-3.1.xsd, http://www.springframework.org/schema/tx/spring-tx-2.0.xsd=org/springframework/transaction/config/spring-tx-2.0.xsd, http://www.springframework.org/schema/tx/spring-tx-3.0.xsd=org/springframework/transaction/config/spring-tx-3.0.xsd, http://www.springframework.org/schema/context/spring-context-3.0.xsd=org/springframework/context/config/spring-context-3.0.xsd, http://www.springframework.org/schema/tool/spring-tool.xsd=org/springframework/beans/factory/xml/spring-tool-3.1.xsd, http://www.springframework.org/schema/util/spring-util-3.0.xsd=org/springframework/beans/factory/xml/spring-util-3.0.xsd, http://www.springframework.org/schema/lang/spring-lang-3.0.xsd=org/springframework/scripting/config/spring-lang-3.0.xsd, http://www.springframework.org/schema/util/spring-util-2.0.xsd=org/springframework/beans/factory/xml/spring-util-2.0.xsd, http://www.springframework.org/schema/lang/spring-lang-2.0.xsd=org/springframework/scripting/config/spring-lang-2.0.xsd, http://www.springframework.org/schema/beans/spring-beans-2.5.xsd=org/springframework/beans/factory/xml/spring-beans-2.5.xsd}
28/03/2013 17:49:39 DEBUG (PluggableSchemaResolver.java:118) Found XML schema [http://www.springframework.org/schema/beans/spring-beans.xsd] in classpath: org/springframework/beans/factory/xml/spring-beans-3.1.xsd
28/03/2013 17:49:39 DEBUG (PluggableSchemaResolver.java:118) Found XML schema [http://www.springframework.org/schema/context/spring-context-3.0.xsd] in classpath: org/springframework/context/config/spring-context-3.0.xsd
28/03/2013 17:49:39 DEBUG (PluggableSchemaResolver.java:118) Found XML schema [http://www.springframework.org/schema/tool/spring-tool-3.0.xsd] in classpath: org/springframework/beans/factory/xml/spring-tool-3.0.xsd
28/03/2013 17:49:39 DEBUG (PluggableSchemaResolver.java:118) Found XML schema [http://www.springframework.org/schema/jdbc/spring-jdbc-3.0.xsd] in classpath: org/springframework/jdbc/config/spring-jdbc-3.0.xsd
28/03/2013 17:49:39 DEBUG (DefaultBeanDefinitionDocumentReader.java:108) Loading bean definitions
28/03/2013 17:49:39 DEBUG (DefaultNamespaceHandlerResolver.java:156) Loaded NamespaceHandler mappings: {http://www.springframework.org/schema/p=org.springframework.beans.factory.xml.SimplePropertyNamespaceHandler, http://www.springframework.org/schema/mvc=org.springframework.web.servlet.config.MvcNamespaceHandler, http://www.springframework.org/schema/util=org.springframework.beans.factory.xml.UtilNamespaceHandler, http://www.springframework.org/schema/jee=org.springframework.ejb.config.JeeNamespaceHandler, http://www.springframework.org/schema/aop=org.springframework.aop.config.AopNamespaceHandler, http://www.springframework.org/schema/jdbc=org.springframework.jdbc.config.JdbcNamespaceHandler, http://www.springframework.org/schema/cache=org.springframework.cache.config.CacheNamespaceHandler, http://www.springframework.org/schema/c=org.springframework.beans.factory.xml.SimpleConstructorNamespaceHandler, http://www.springframework.org/schema/security=org.springframework.security.config.SecurityNamespaceHandler, http://www.springframework.org/schema/tx=org.springframework.transaction.config.TxNamespaceHandler, http://www.springframework.org/schema/task=org.springframework.scheduling.config.TaskNamespaceHandler, http://www.springframework.org/schema/lang=org.springframework.scripting.config.LangNamespaceHandler, http://www.springframework.org/schema/context=org.springframework.context.config.ContextNamespaceHandler}
28/03/2013 17:49:39 INFO  (ClassPathScanningCandidateComponentProvider.java:210) JSR-330 &apos;javax.inject.Named&apos; annotation found and supported for component scanning
28/03/2013 17:49:39 DEBUG (PathMatchingResourcePatternResolver.java:550) Looking for matching resources in directory tree [C:\Documents and Settings\Administrador\Escritorio\Entorno Web\trunk\spring-webmvc\target\classes\edu\upc\clase\demo\dao]
28/03/2013 17:49:39 DEBUG (PathMatchingResourcePatternResolver.java:612) Searching directory [C:\Documents and Settings\Administrador\Escritorio\Entorno Web\trunk\spring-webmvc\target\classes\edu\upc\clase\demo\dao] for files matching pattern [C:/Documents and Settings/Administrador/Escritorio/Entorno Web/trunk/spring-webmvc/target/classes/edu/upc/clase/demo/dao/**/*.class]
28/03/2013 17:49:39 DEBUG (PathMatchingResourcePatternResolver.java:612) Searching directory [C:\Documents and Settings\Administrador\Escritorio\Entorno Web\trunk\spring-webmvc\target\classes\edu\upc\clase\demo\dao\impl] for files matching pattern [C:/Documents and Settings/Administrador/Escritorio/Entorno Web/trunk/spring-webmvc/target/classes/edu/upc/clase/demo/dao/**/*.class]
28/03/2013 17:49:39 DEBUG (PathMatchingResourcePatternResolver.java:351) Resolved location pattern [classpath*:edu/upc/clase/demo/dao/**/*.class] to resources [file [C:\Documents and Settings\Administrador\Escritorio\Entorno Web\trunk\spring-webmvc\target\classes\edu\upc\clase\demo\dao\ArmadoSalaDao.class], file [C:\Documents and Settings\Administrador\Escritorio\Entorno Web\trunk\spring-webmvc\target\classes\edu\upc\clase\demo\dao\ClienteDao.class], file [C:\Documents and Settings\Administrador\Escritorio\Entorno Web\trunk\spring-webmvc\target\classes\edu\upc\clase\demo\dao\DetalleArmadoDao.class], file [C:\Documents and Settings\Administrador\Escritorio\Entorno Web\trunk\spring-webmvc\target\classes\edu\upc\clase\demo\dao\DetalleReservaDao.class], file [C:\Documents and Settings\Administrador\Escritorio\Entorno Web\trunk\spring-webmvc\target\classes\edu\upc\clase\demo\dao\impl\ArmadoSalaDaoImpl.class], file [C:\Documents and Settings\Administrador\Escritorio\Entorno Web\trunk\spring-webmvc\target\classes\edu\upc\clase\demo\dao\impl\ClienteDaoImpl.class], file [C:\Documents and Settings\Administrador\Escritorio\Entorno Web\trunk\spring-webmvc\target\classes\edu\upc\clase\demo\dao\impl\DetalleArmadoDaoImpl.class], file [C:\Documents and Settings\Administrador\Escritorio\Entorno Web\trunk\spring-webmvc\target\classes\edu\upc\clase\demo\dao\impl\DetalleReservaDaoImpl.class], file [C:\Documents and Settings\Administrador\Escritorio\Entorno Web\trunk\spring-webmvc\target\classes\edu\upc\clase\demo\dao\impl\InstrumentoDaoImpl.class], file [C:\Documents and Settings\Administrador\Escritorio\Entorno Web\trunk\spring-webmvc\target\classes\edu\upc\clase\demo\dao\impl\LocalDaoImpl.class], file [C:\Documents and Settings\Administrador\Escritorio\Entorno Web\trunk\spring-webmvc\target\classes\edu\upc\clase\demo\dao\impl\ReservaDaoImpl.class], file [C:\Documents and Settings\Administrador\Escritorio\Entorno Web\trunk\spring-webmvc\target\classes\edu\upc\clase\demo\dao\impl\SalaDaoImpl.class], file [C:\Documents and Settings\Administrador\Escritorio\Entorno Web\trunk\spring-webmvc\target\classes\edu\upc\clase\demo\dao\impl\ServicioDaoImpl.class], file [C:\Documents and Settings\Administrador\Escritorio\Entorno Web\trunk\spring-webmvc\target\classes\edu\upc\clase\demo\dao\impl\UsuarioDaoImpl.class], file [C:\Documents and Settings\Administrador\Escritorio\Entorno Web\trunk\spring-webmvc\target\classes\edu\upc\clase\demo\dao\InstrumentoDao.class], file [C:\Documents and Settings\Administrador\Escritorio\Entorno Web\trunk\spring-webmvc\target\classes\edu\upc\clase\demo\dao\LocalDao.class], file [C:\Documents and Settings\Administrador\Escritorio\Entorno Web\trunk\spring-webmvc\target\classes\edu\upc\clase\demo\dao\ReservaDao.class], file [C:\Documents and Settings\Administrador\Escritorio\Entorno Web\trunk\spring-webmvc\target\classes\edu\upc\clase\demo\dao\SalaDao.class], file [C:\Documents and Settings\Administrador\Escritorio\Entorno Web\trunk\spring-webmvc\target\classes\edu\upc\clase\demo\dao\ServicioDao.class], file [C:\Documents and Settings\Administrador\Escritorio\Entorno Web\trunk\spring-webmvc\target\classes\edu\upc\clase\demo\dao\UsuarioDao.class]]
28/03/2013 17:49:39 DEBUG (ClassPathScanningCandidateComponentProvider.java:244) Identified candidate component class: file [C:\Documents and Settings\Administrador\Escritorio\Entorno Web\trunk\spring-webmvc\target\classes\edu\upc\clase\demo\dao\impl\ArmadoSalaDaoImpl.class]
28/03/2013 17:49:39 DEBUG (ClassPathScanningCandidateComponentProvider.java:244) Identified candidate component class: file [C:\Documents and Settings\Administrador\Escritorio\Entorno Web\trunk\spring-webmvc\target\classes\edu\upc\clase\demo\dao\impl\ClienteDaoImpl.class]
28/03/2013 17:49:39 DEBUG (ClassPathScanningCandidateComponentProvider.java:244) Identified candidate component class: file [C:\Documents and Settings\Administrador\Escritorio\Entorno Web\trunk\spring-webmvc\target\classes\edu\upc\clase\demo\dao\impl\DetalleArmadoDaoImpl.class]
28/03/2013 17:49:39 DEBUG (ClassPathScanningCandidateComponentProvider.java:244) Identified candidate component class: file [C:\Documents and Settings\Administrador\Escritorio\Entorno Web\trunk\spring-webmvc\target\classes\edu\upc\clase\demo\dao\impl\DetalleReservaDaoImpl.class]
28/03/2013 17:49:39 DEBUG (ClassPathScanningCandidateComponentProvider.java:244) Identified candidate component class: file [C:\Documents and Settings\Administrador\Escritorio\Entorno Web\trunk\spring-webmvc\target\classes\edu\upc\clase\demo\dao\impl\InstrumentoDaoImpl.class]
28/03/2013 17:49:39 DEBUG (ClassPathScanningCandidateComponentProvider.java:244) Identified candidate component class: file [C:\Documents and Settings\Administrador\Escritorio\Entorno Web\trunk\spring-webmvc\target\classes\edu\upc\clase\demo\dao\impl\LocalDaoImpl.class]
28/03/2013 17:49:39 DEBUG (ClassPathScanningCandidateComponentProvider.java:244) Identified candidate component class: file [C:\Documents and Settings\Administrador\Escritorio\Entorno Web\trunk\spring-webmvc\target\classes\edu\upc\clase\demo\dao\impl\ReservaDaoImpl.class]
28/03/2013 17:49:39 DEBUG (ClassPathScanningCandidateComponentProvider.java:244) Identified candidate component class: file [C:\Documents and Settings\Administrador\Escritorio\Entorno Web\trunk\spring-webmvc\target\classes\edu\upc\clase\demo\dao\impl\SalaDaoImpl.class]
28/03/2013 17:49:39 DEBUG (ClassPathScanningCandidateComponentProvider.java:244) Identified candidate component class: file [C:\Documents and Settings\Administrador\Escritorio\Entorno Web\trunk\spring-webmvc\target\classes\edu\upc\clase\demo\dao\impl\ServicioDaoImpl.class]
28/03/2013 17:49:39 DEBUG (ClassPathScanningCandidateComponentProvider.java:244) Identified candidate component class: file [C:\Documents and Settings\Administrador\Escritorio\Entorno Web\trunk\spring-webmvc\target\classes\edu\upc\clase\demo\dao\impl\UsuarioDaoImpl.class]
28/03/2013 17:49:39 INFO  (ClassPathScanningCandidateComponentProvider.java:210) JSR-330 &apos;javax.inject.Named&apos; annotation found and supported for component scanning
28/03/2013 17:49:39 DEBUG (PathMatchingResourcePatternResolver.java:550) Looking for matching resources in directory tree [C:\Documents and Settings\Administrador\Escritorio\Entorno Web\trunk\spring-webmvc\target\classes\edu\upc\clase\demo\service]
28/03/2013 17:49:39 DEBUG (PathMatchingResourcePatternResolver.java:612) Searching directory [C:\Documents and Settings\Administrador\Escritorio\Entorno Web\trunk\spring-webmvc\target\classes\edu\upc\clase\demo\service] for files matching pattern [C:/Documents and Settings/Administrador/Escritorio/Entorno Web/trunk/spring-webmvc/target/classes/edu/upc/clase/demo/service/**/*.class]
28/03/2013 17:49:39 DEBUG (PathMatchingResourcePatternResolver.java:612) Searching directory [C:\Documents and Settings\Administrador\Escritorio\Entorno Web\trunk\spring-webmvc\target\classes\edu\upc\clase\demo\service\impl] for files matching pattern [C:/Documents and Settings/Administrador/Escritorio/Entorno Web/trunk/spring-webmvc/target/classes/edu/upc/clase/demo/service/**/*.class]
28/03/2013 17:49:39 DEBUG (PathMatchingResourcePatternResolver.java:351) Resolved location pattern [classpath*:edu/upc/clase/demo/service/**/*.class] to resources [file [C:\Documents and Settings\Administrador\Escritorio\Entorno Web\trunk\spring-webmvc\target\classes\edu\upc\clase\demo\service\impl\UsuarioServiceImpl.class], file [C:\Documents and Settings\Administrador\Escritorio\Entorno Web\trunk\spring-webmvc\target\classes\edu\upc\clase\demo\service\UsuarioService.class]]
28/03/2013 17:49:39 DEBUG (ClassPathScanningCandidateComponentProvider.java:244) Identified candidate component class: file [C:\Documents and Settings\Administrador\Escritorio\Entorno Web\trunk\spring-webmvc\target\classes\edu\upc\clase\demo\service\impl\UsuarioServiceImpl.class]
28/03/2013 17:49:39 DEBUG (AbstractBeanDefinitionReader.java:216) Loaded 18 bean definitions from location pattern [classpath:/spring-base-test.xml]
28/03/2013 17:49:39 INFO  (AbstractApplicationContext.java:495) Refreshing org.springframework.context.support.GenericApplicationContext@1d7a607: startup date [Thu Mar 28 17:49:39 EDT 2013]; root of context hierarchy
28/03/2013 17:49:39 DEBUG (AbstractApplicationContext.java:525) Bean factory for org.springframework.context.support.GenericApplicationContext@1d7a607: org.springframework.beans.factory.support.DefaultListableBeanFactory@6061a8: defining beans [armadoSalaDaoImpl,clienteDaoImpl,detalleArmadoDaoImpl,detalleReservaDaoImpl,instrumentoDaoImpl,localDaoImpl,reservaDaoImpl,salaDaoImpl,servicioDaoImpl,usuarioDaoImpl,org.springframework.context.annotation.internalConfigurationAnnotationProcessor,org.springframework.context.annotation.internalAutowiredAnnotationProcessor,org.springframework.context.annotation.internalRequiredAnnotationProcessor,org.springframework.context.annotation.internalCommonAnnotationProcessor,usuarioServiceImpl,dataSource,org.springframework.jdbc.datasource.init.DataSourceInitializer#0,transactionManager]; root of factory hierarchy
28/03/2013 17:49:39 DEBUG (DefaultSingletonBeanRegistry.java:217) Creating shared instance of singleton bean &apos;org.springframework.context.annotation.internalConfigurationAnnotationProcessor&apos;
28/03/2013 17:49:39 DEBUG (AbstractAutowireCapableBeanFactory.java:430) Creating instance of bean &apos;org.springframework.context.annotation.internalConfigurationAnnotationProcessor&apos;
28/03/2013 17:49:39 DEBUG (AbstractAutowireCapableBeanFactory.java:504) Eagerly caching bean &apos;org.springframework.context.annotation.internalConfigurationAnnotationProcessor&apos; to allow for resolving potential circular references
28/03/2013 17:49:39 DEBUG (AbstractAutowireCapableBeanFactory.java:458) Finished creating instance of bean &apos;org.springframework.context.annotation.internalConfigurationAnnotationProcessor&apos;
28/03/2013 17:49:39 DEBUG (DefaultSingletonBeanRegistry.java:217) Creating shared instance of singleton bean &apos;org.springframework.context.annotation.internalAutowiredAnnotationProcessor&apos;
28/03/2013 17:49:39 DEBUG (AbstractAutowireCapableBeanFactory.java:430) Creating instance of bean &apos;org.springframework.context.annotation.internalAutowiredAnnotationProcessor&apos;
28/03/2013 17:49:39 INFO  (AutowiredAnnotationBeanPostProcessor.java:139) JSR-330 &apos;javax.inject.Inject&apos; annotation found and supported for autowiring
28/03/2013 17:49:39 DEBUG (AbstractAutowireCapableBeanFactory.java:504) Eagerly caching bean &apos;org.springframework.context.annotation.internalAutowiredAnnotationProcessor&apos; to allow for resolving potential circular references
28/03/2013 17:49:39 DEBUG (AbstractAutowireCapableBeanFactory.java:458) Finished creating instance of bean &apos;org.springframework.context.annotation.internalAutowiredAnnotationProcessor&apos;
28/03/2013 17:49:39 DEBUG (DefaultSingletonBeanRegistry.java:217) Creating shared instance of singleton bean &apos;org.springframework.context.annotation.internalRequiredAnnotationProcessor&apos;
28/03/2013 17:49:39 DEBUG (AbstractAutowireCapableBeanFactory.java:430) Creating instance of bean &apos;org.springframework.context.annotation.internalRequiredAnnotationProcessor&apos;
28/03/2013 17:49:39 DEBUG (AbstractAutowireCapableBeanFactory.java:504) Eagerly caching bean &apos;org.springframework.context.annotation.internalRequiredAnnotationProcessor&apos; to allow for resolving potential circular references
28/03/2013 17:49:39 DEBUG (AbstractAutowireCapableBeanFactory.java:458) Finished creating instance of bean &apos;org.springframework.context.annotation.internalRequiredAnnotationProcessor&apos;
28/03/2013 17:49:39 DEBUG (DefaultSingletonBeanRegistry.java:217) Creating shared instance of singleton bean &apos;org.springframework.context.annotation.internalCommonAnnotationProcessor&apos;
28/03/2013 17:49:39 DEBUG (AbstractAutowireCapableBeanFactory.java:430) Creating instance of bean &apos;org.springframework.context.annotation.internalCommonAnnotationProcessor&apos;
28/03/2013 17:49:39 DEBUG (AbstractAutowireCapableBeanFactory.java:504) Eagerly caching bean &apos;org.springframework.context.annotation.internalCommonAnnotationProcessor&apos; to allow for resolving potential circular references
28/03/2013 17:49:39 DEBUG (AbstractAutowireCapableBeanFactory.java:458) Finished creating instance of bean &apos;org.springframework.context.annotation.internalCommonAnnotationProcessor&apos;
28/03/2013 17:49:39 DEBUG (DefaultSingletonBeanRegistry.java:217) Creating shared instance of singleton bean &apos;org.springframework.context.annotation.ConfigurationClassPostProcessor$ImportAwareBeanPostProcessor#0&apos;
28/03/2013 17:49:39 DEBUG (AbstractAutowireCapableBeanFactory.java:430) Creating instance of bean &apos;org.springframework.context.annotation.ConfigurationClassPostProcessor$ImportAwareBeanPostProcessor#0&apos;
28/03/2013 17:49:39 DEBUG (AbstractAutowireCapableBeanFactory.java:504) Eagerly caching bean &apos;org.springframework.context.annotation.ConfigurationClassPostProcessor$ImportAwareBeanPostProcessor#0&apos; to allow for resolving potential circular references
28/03/2013 17:49:39 DEBUG (AbstractAutowireCapableBeanFactory.java:458) Finished creating instance of bean &apos;org.springframework.context.annotation.ConfigurationClassPostProcessor$ImportAwareBeanPostProcessor#0&apos;
28/03/2013 17:49:39 DEBUG (AbstractApplicationContext.java:794) Unable to locate MessageSource with name &apos;messageSource&apos;: using default [org.springframework.context.support.DelegatingMessageSource@1a47e82]
28/03/2013 17:49:39 DEBUG (AbstractApplicationContext.java:818) Unable to locate ApplicationEventMulticaster with name &apos;applicationEventMulticaster&apos;: using default [org.springframework.context.event.SimpleApplicationEventMulticaster@6d94ee]
28/03/2013 17:49:39 INFO  (DefaultListableBeanFactory.java:557) Pre-instantiating singletons in org.springframework.beans.factory.support.DefaultListableBeanFactory@6061a8: defining beans [armadoSalaDaoImpl,clienteDaoImpl,detalleArmadoDaoImpl,detalleReservaDaoImpl,instrumentoDaoImpl,localDaoImpl,reservaDaoImpl,salaDaoImpl,servicioDaoImpl,usuarioDaoImpl,org.springframework.context.annotation.internalConfigurationAnnotationProcessor,org.springframework.context.annotation.internalAutowiredAnnotationProcessor,org.springframework.context.annotation.internalRequiredAnnotationProcessor,org.springframework.context.annotation.internalCommonAnnotationProcessor,usuarioServiceImpl,dataSource,org.springframework.jdbc.datasource.init.DataSourceInitializer#0,transactionManager,org.springframework.context.annotation.ConfigurationClassPostProcessor$ImportAwareBeanPostProcessor#0]; root of factory hierarchy
28/03/2013 17:49:39 DEBUG (DefaultSingletonBeanRegistry.java:217) Creating shared instance of singleton bean &apos;armadoSalaDaoImpl&apos;
28/03/2013 17:49:39 DEBUG (AbstractAutowireCapableBeanFactory.java:430) Creating instance of bean &apos;armadoSalaDaoImpl&apos;
28/03/2013 17:49:39 DEBUG (DefaultSingletonBeanRegistry.java:217) Creating shared instance of singleton bean &apos;dataSource&apos;
28/03/2013 17:49:39 DEBUG (AbstractAutowireCapableBeanFactory.java:430) Creating instance of bean &apos;dataSource&apos;
28/03/2013 17:49:39 DEBUG (AbstractAutowireCapableBeanFactory.java:504) Eagerly caching bean &apos;dataSource&apos; to allow for resolving potential circular references
28/03/2013 17:49:39 DEBUG (AbstractAutowireCapableBeanFactory.java:458) Finished creating instance of bean &apos;dataSource&apos;
28/03/2013 17:49:39 DEBUG (ConstructorResolver.java:739) Autowiring by type from bean name &apos;armadoSalaDaoImpl&apos; via constructor to bean named &apos;dataSource&apos;
28/03/2013 17:49:39 INFO  (ArmadoSalaDaoImpl.java:28) Asignando el dataSource
28/03/2013 17:49:39 DEBUG (AbstractAutowireCapableBeanFactory.java:504) Eagerly caching bean &apos;armadoSalaDaoImpl&apos; to allow for resolving potential circular references
28/03/2013 17:49:39 DEBUG (AbstractAutowireCapableBeanFactory.java:1498) Invoking afterPropertiesSet() on bean with name &apos;armadoSalaDaoImpl&apos;
28/03/2013 17:49:39 DEBUG (AbstractAutowireCapableBeanFactory.java:458) Finished creating instance of bean &apos;armadoSalaDaoImpl&apos;
28/03/2013 17:49:39 DEBUG (DefaultSingletonBeanRegistry.java:217) Creating shared instance of singleton bean &apos;clienteDaoImpl&apos;
28/03/2013 17:49:39 DEBUG (AbstractAutowireCapableBeanFactory.java:430) Creating instance of bean &apos;clienteDaoImpl&apos;
28/03/2013 17:49:39 DEBUG (AbstractBeanFactory.java:245) Returning cached instance of singleton bean &apos;dataSource&apos;
28/03/2013 17:49:39 DEBUG (ConstructorResolver.java:739) Autowiring by type from bean name &apos;clienteDaoImpl&apos; via constructor to bean named &apos;dataSource&apos;
28/03/2013 17:49:39 INFO  (ClienteDaoImpl.java:28) Asignando el dataSource
28/03/2013 17:49:39 DEBUG (AbstractAutowireCapableBeanFactory.java:504) Eagerly caching bean &apos;clienteDaoImpl&apos; to allow for resolving potential circular references
28/03/2013 17:49:39 DEBUG (AbstractAutowireCapableBeanFactory.java:1498) Invoking afterPropertiesSet() on bean with name &apos;clienteDaoImpl&apos;
28/03/2013 17:49:39 DEBUG (AbstractAutowireCapableBeanFactory.java:458) Finished creating instance of bean &apos;clienteDaoImpl&apos;
28/03/2013 17:49:39 DEBUG (DefaultSingletonBeanRegistry.java:217) Creating shared instance of singleton bean &apos;detalleArmadoDaoImpl&apos;
28/03/2013 17:49:39 DEBUG (AbstractAutowireCapableBeanFactory.java:430) Creating instance of bean &apos;detalleArmadoDaoImpl&apos;
28/03/2013 17:49:39 DEBUG (AbstractBeanFactory.java:245) Returning cached instance of singleton bean &apos;dataSource&apos;
28/03/2013 17:49:39 DEBUG (ConstructorResolver.java:739) Autowiring by type from bean name &apos;detalleArmadoDaoImpl&apos; via constructor to bean named &apos;dataSource&apos;
28/03/2013 17:49:39 INFO  (DetalleArmadoDaoImpl.java:28) Asignando el dataSource
28/03/2013 17:49:39 DEBUG (AbstractAutowireCapableBeanFactory.java:504) Eagerly caching bean &apos;detalleArmadoDaoImpl&apos; to allow for resolving potential circular references
28/03/2013 17:49:39 DEBUG (AbstractAutowireCapableBeanFactory.java:1498) Invoking afterPropertiesSet() on bean with name &apos;detalleArmadoDaoImpl&apos;
28/03/2013 17:49:39 DEBUG (AbstractAutowireCapableBeanFactory.java:458) Finished creating instance of bean &apos;detalleArmadoDaoImpl&apos;
28/03/2013 17:49:39 DEBUG (DefaultSingletonBeanRegistry.java:217) Creating shared instance of singleton bean &apos;detalleReservaDaoImpl&apos;
28/03/2013 17:49:39 DEBUG (AbstractAutowireCapableBeanFactory.java:430) Creating instance of bean &apos;detalleReservaDaoImpl&apos;
28/03/2013 17:49:39 DEBUG (AbstractBeanFactory.java:245) Returning cached instance of singleton bean &apos;dataSource&apos;
28/03/2013 17:49:39 DEBUG (ConstructorResolver.java:739) Autowiring by type from bean name &apos;detalleReservaDaoImpl&apos; via constructor to bean named &apos;dataSource&apos;
28/03/2013 17:49:39 INFO  (DetalleReservaDaoImpl.java:28) Asignando el dataSource
28/03/2013 17:49:39 DEBUG (AbstractAutowireCapableBeanFactory.java:504) Eagerly caching bean &apos;detalleReservaDaoImpl&apos; to allow for resolving potential circular references
28/03/2013 17:49:39 DEBUG (AbstractAutowireCapableBeanFactory.java:1498) Invoking afterPropertiesSet() on bean with name &apos;detalleReservaDaoImpl&apos;
28/03/2013 17:49:39 DEBUG (AbstractAutowireCapableBeanFactory.java:458) Finished creating instance of bean &apos;detalleReservaDaoImpl&apos;
28/03/2013 17:49:39 DEBUG (DefaultSingletonBeanRegistry.java:217) Creating shared instance of singleton bean &apos;instrumentoDaoImpl&apos;
28/03/2013 17:49:39 DEBUG (AbstractAutowireCapableBeanFactory.java:430) Creating instance of bean &apos;instrumentoDaoImpl&apos;
28/03/2013 17:49:39 DEBUG (AbstractBeanFactory.java:245) Returning cached instance of singleton bean &apos;dataSource&apos;
28/03/2013 17:49:39 DEBUG (ConstructorResolver.java:739) Autowiring by type from bean name &apos;instrumentoDaoImpl&apos; via constructor to bean named &apos;dataSource&apos;
28/03/2013 17:49:39 INFO  (InstrumentoDaoImpl.java:28) Asignando el dataSource
28/03/2013 17:49:39 DEBUG (AbstractAutowireCapableBeanFactory.java:504) Eagerly caching bean &apos;instrumentoDaoImpl&apos; to allow for resolving potential circular references
28/03/2013 17:49:39 DEBUG (AbstractAutowireCapableBeanFactory.java:1498) Invoking afterPropertiesSet() on bean with name &apos;instrumentoDaoImpl&apos;
28/03/2013 17:49:39 DEBUG (AbstractAutowireCapableBeanFactory.java:458) Finished creating instance of bean &apos;instrumentoDaoImpl&apos;
28/03/2013 17:49:39 DEBUG (DefaultSingletonBeanRegistry.java:217) Creating shared instance of singleton bean &apos;localDaoImpl&apos;
28/03/2013 17:49:39 DEBUG (AbstractAutowireCapableBeanFactory.java:430) Creating instance of bean &apos;localDaoImpl&apos;
28/03/2013 17:49:39 DEBUG (AbstractBeanFactory.java:245) Returning cached instance of singleton bean &apos;dataSource&apos;
28/03/2013 17:49:39 DEBUG (ConstructorResolver.java:739) Autowiring by type from bean name &apos;localDaoImpl&apos; via constructor to bean named &apos;dataSource&apos;
28/03/2013 17:49:39 INFO  (LocalDaoImpl.java:28) Asignando el dataSource
28/03/2013 17:49:39 DEBUG (AbstractAutowireCapableBeanFactory.java:504) Eagerly caching bean &apos;localDaoImpl&apos; to allow for resolving potential circular references
28/03/2013 17:49:39 DEBUG (AbstractAutowireCapableBeanFactory.java:1498) Invoking afterPropertiesSet() on bean with name &apos;localDaoImpl&apos;
28/03/2013 17:49:39 DEBUG (AbstractAutowireCapableBeanFactory.java:458) Finished creating instance of bean &apos;localDaoImpl&apos;
28/03/2013 17:49:39 DEBUG (DefaultSingletonBeanRegistry.java:217) Creating shared instance of singleton bean &apos;reservaDaoImpl&apos;
28/03/2013 17:49:39 DEBUG (AbstractAutowireCapableBeanFactory.java:430) Creating instance of bean &apos;reservaDaoImpl&apos;
28/03/2013 17:49:39 DEBUG (AbstractBeanFactory.java:245) Returning cached instance of singleton bean &apos;dataSource&apos;
28/03/2013 17:49:39 DEBUG (ConstructorResolver.java:739) Autowiring by type from bean name &apos;reservaDaoImpl&apos; via constructor to bean named &apos;dataSource&apos;
28/03/2013 17:49:39 INFO  (ReservaDaoImpl.java:28) Asignando el dataSource
28/03/2013 17:49:39 DEBUG (AbstractAutowireCapableBeanFactory.java:504) Eagerly caching bean &apos;reservaDaoImpl&apos; to allow for resolving potential circular references
28/03/2013 17:49:39 DEBUG (AbstractAutowireCapableBeanFactory.java:1498) Invoking afterPropertiesSet() on bean with name &apos;reservaDaoImpl&apos;
28/03/2013 17:49:39 DEBUG (AbstractAutowireCapableBeanFactory.java:458) Finished creating instance of bean &apos;reservaDaoImpl&apos;
28/03/2013 17:49:39 DEBUG (DefaultSingletonBeanRegistry.java:217) Creating shared instance of singleton bean &apos;salaDaoImpl&apos;
28/03/2013 17:49:39 DEBUG (AbstractAutowireCapableBeanFactory.java:430) Creating instance of bean &apos;salaDaoImpl&apos;
28/03/2013 17:49:39 DEBUG (AbstractBeanFactory.java:245) Returning cached instance of singleton bean &apos;dataSource&apos;
28/03/2013 17:49:39 DEBUG (ConstructorResolver.java:739) Autowiring by type from bean name &apos;salaDaoImpl&apos; via constructor to bean named &apos;dataSource&apos;
28/03/2013 17:49:39 INFO  (SalaDaoImpl.java:28) Asignando el dataSource
28/03/2013 17:49:39 DEBUG (AbstractAutowireCapableBeanFactory.java:504) Eagerly caching bean &apos;salaDaoImpl&apos; to allow for resolving potential circular references
28/03/2013 17:49:39 DEBUG (AbstractAutowireCapableBeanFactory.java:1498) Invoking afterPropertiesSet() on bean with name &apos;salaDaoImpl&apos;
28/03/2013 17:49:39 DEBUG (AbstractAutowireCapableBeanFactory.java:458) Finished creating instance of bean &apos;salaDaoImpl&apos;
28/03/2013 17:49:39 DEBUG (DefaultSingletonBeanRegistry.java:217) Creating shared instance of singleton bean &apos;servicioDaoImpl&apos;
28/03/2013 17:49:39 DEBUG (AbstractAutowireCapableBeanFactory.java:430) Creating instance of bean &apos;servicioDaoImpl&apos;
28/03/2013 17:49:39 DEBUG (AbstractBeanFactory.java:245) Returning cached instance of singleton bean &apos;dataSource&apos;
28/03/2013 17:49:39 DEBUG (ConstructorResolver.java:739) Autowiring by type from bean name &apos;servicioDaoImpl&apos; via constructor to bean named &apos;dataSource&apos;
28/03/2013 17:49:39 INFO  (ServicioDaoImpl.java:28) Asignando el dataSource
28/03/2013 17:49:39 DEBUG (AbstractAutowireCapableBeanFactory.java:504) Eagerly caching bean &apos;servicioDaoImpl&apos; to allow for resolving potential circular references
28/03/2013 17:49:39 DEBUG (AbstractAutowireCapableBeanFactory.java:1498) Invoking afterPropertiesSet() on bean with name &apos;servicioDaoImpl&apos;
28/03/2013 17:49:39 DEBUG (AbstractAutowireCapableBeanFactory.java:458) Finished creating instance of bean &apos;servicioDaoImpl&apos;
28/03/2013 17:49:39 DEBUG (DefaultSingletonBeanRegistry.java:217) Creating shared instance of singleton bean &apos;usuarioDaoImpl&apos;
28/03/2013 17:49:39 DEBUG (AbstractAutowireCapableBeanFactory.java:430) Creating instance of bean &apos;usuarioDaoImpl&apos;
28/03/2013 17:49:39 DEBUG (AbstractBeanFactory.java:245) Returning cached instance of singleton bean &apos;dataSource&apos;
28/03/2013 17:49:39 DEBUG (ConstructorResolver.java:739) Autowiring by type from bean name &apos;usuarioDaoImpl&apos; via constructor to bean named &apos;dataSource&apos;
28/03/2013 17:49:39 INFO  (UsuarioDaoImpl.java:28) Asignando el dataSource
28/03/2013 17:49:39 DEBUG (AbstractAutowireCapableBeanFactory.java:504) Eagerly caching bean &apos;usuarioDaoImpl&apos; to allow for resolving potential circular references
28/03/2013 17:49:39 DEBUG (AbstractAutowireCapableBeanFactory.java:1498) Invoking afterPropertiesSet() on bean with name &apos;usuarioDaoImpl&apos;
28/03/2013 17:49:39 DEBUG (AbstractAutowireCapableBeanFactory.java:458) Finished creating instance of bean &apos;usuarioDaoImpl&apos;
28/03/2013 17:49:39 DEBUG (AbstractBeanFactory.java:245) Returning cached instance of singleton bean &apos;org.springframework.context.annotation.internalConfigurationAnnotationProcessor&apos;
28/03/2013 17:49:39 DEBUG (AbstractBeanFactory.java:245) Returning cached instance of singleton bean &apos;org.springframework.context.annotation.internalAutowiredAnnotationProcessor&apos;
28/03/2013 17:49:39 DEBUG (AbstractBeanFactory.java:245) Returning cached instance of singleton bean &apos;org.springframework.context.annotation.internalRequiredAnnotationProcessor&apos;
28/03/2013 17:49:39 DEBUG (AbstractBeanFactory.java:245) Returning cached instance of singleton bean &apos;org.springframework.context.annotation.internalCommonAnnotationProcessor&apos;
28/03/2013 17:49:39 DEBUG (DefaultSingletonBeanRegistry.java:217) Creating shared instance of singleton bean &apos;usuarioServiceImpl&apos;
28/03/2013 17:49:39 DEBUG (AbstractAutowireCapableBeanFactory.java:430) Creating instance of bean &apos;usuarioServiceImpl&apos;
28/03/2013 17:49:39 DEBUG (InjectionMetadata.java:60) Found injected element on class [edu.upc.clase.demo.service.impl.UsuarioServiceImpl]: AutowiredFieldElement for private edu.upc.clase.demo.dao.UsuarioDao edu.upc.clase.demo.service.impl.UsuarioServiceImpl.usuarioDao
28/03/2013 17:49:39 DEBUG (AbstractAutowireCapableBeanFactory.java:504) Eagerly caching bean &apos;usuarioServiceImpl&apos; to allow for resolving potential circular references
28/03/2013 17:49:39 DEBUG (InjectionMetadata.java:85) Processing injected method of bean &apos;usuarioServiceImpl&apos;: AutowiredFieldElement for private edu.upc.clase.demo.dao.UsuarioDao edu.upc.clase.demo.service.impl.UsuarioServiceImpl.usuarioDao
28/03/2013 17:49:39 DEBUG (AbstractBeanFactory.java:245) Returning cached instance of singleton bean &apos;usuarioDaoImpl&apos;
28/03/2013 17:49:39 DEBUG (AutowiredAnnotationBeanPostProcessor.java:424) Autowiring by type from bean name &apos;usuarioServiceImpl&apos; to bean named &apos;usuarioDaoImpl&apos;
28/03/2013 17:49:39 DEBUG (AbstractAutowireCapableBeanFactory.java:458) Finished creating instance of bean &apos;usuarioServiceImpl&apos;
28/03/2013 17:49:39 DEBUG (AbstractBeanFactory.java:245) Returning cached instance of singleton bean &apos;dataSource&apos;
28/03/2013 17:49:39 DEBUG (DefaultSingletonBeanRegistry.java:217) Creating shared instance of singleton bean &apos;org.springframework.jdbc.datasource.init.DataSourceInitializer#0&apos;
28/03/2013 17:49:39 DEBUG (AbstractAutowireCapableBeanFactory.java:430) Creating instance of bean &apos;org.springframework.jdbc.datasource.init.DataSourceInitializer#0&apos;
28/03/2013 17:49:39 DEBUG (AbstractAutowireCapableBeanFactory.java:504) Eagerly caching bean &apos;org.springframework.jdbc.datasource.init.DataSourceInitializer#0&apos; to allow for resolving potential circular references
28/03/2013 17:49:39 DEBUG (AbstractBeanFactory.java:245) Returning cached instance of singleton bean &apos;dataSource&apos;
28/03/2013 17:49:39 DEBUG (AbstractEnvironment.java:114) Initializing new StandardEnvironment
28/03/2013 17:49:39 DEBUG (MutablePropertySources.java:103) Adding [systemProperties] PropertySource with lowest search precedence
28/03/2013 17:49:39 DEBUG (MutablePropertySources.java:103) Adding [systemEnvironment] PropertySource with lowest search precedence
28/03/2013 17:49:39 DEBUG (AbstractEnvironment.java:120) Initialized StandardEnvironment with PropertySources [systemProperties,systemEnvironment]
28/03/2013 17:49:39 DEBUG (AbstractEnvironment.java:114) Initializing new StandardEnvironment
28/03/2013 17:49:39 DEBUG (MutablePropertySources.java:103) Adding [systemProperties] PropertySource with lowest search precedence
28/03/2013 17:49:39 DEBUG (MutablePropertySources.java:103) Adding [systemEnvironment] PropertySource with lowest search precedence
28/03/2013 17:49:39 DEBUG (AbstractEnvironment.java:120) Initialized StandardEnvironment with PropertySources [systemProperties,systemEnvironment]
28/03/2013 17:49:39 DEBUG (AbstractEnvironment.java:114) Initializing new StandardEnvironment
28/03/2013 17:49:39 DEBUG (MutablePropertySources.java:103) Adding [systemProperties] PropertySource with lowest search precedence
28/03/2013 17:49:39 DEBUG (MutablePropertySources.java:103) Adding [systemEnvironment] PropertySource with lowest search precedence
28/03/2013 17:49:39 DEBUG (AbstractEnvironment.java:120) Initialized StandardEnvironment with PropertySources [systemProperties,systemEnvironment]
28/03/2013 17:49:39 DEBUG (AbstractEnvironment.java:114) Initializing new StandardEnvironment
28/03/2013 17:49:39 DEBUG (MutablePropertySources.java:103) Adding [systemProperties] PropertySource with lowest search precedence
28/03/2013 17:49:39 DEBUG (MutablePropertySources.java:103) Adding [systemEnvironment] PropertySource with lowest search precedence
28/03/2013 17:49:39 DEBUG (AbstractEnvironment.java:120) Initialized StandardEnvironment with PropertySources [systemProperties,systemEnvironment]
28/03/2013 17:49:39 DEBUG (AbstractEnvironment.java:114) Initializing new StandardEnvironment
28/03/2013 17:49:39 DEBUG (MutablePropertySources.java:103) Adding [systemProperties] PropertySource with lowest search precedence
28/03/2013 17:49:39 DEBUG (MutablePropertySources.java:103) Adding [systemEnvironment] PropertySource with lowest search precedence
28/03/2013 17:49:39 DEBUG (AbstractEnvironment.java:120) Initialized StandardEnvironment with PropertySources [systemProperties,systemEnvironment]
28/03/2013 17:49:39 DEBUG (AbstractAutowireCapableBeanFactory.java:430) Creating instance of bean &apos;(inner bean)&apos;
28/03/2013 17:49:39 DEBUG (AbstractAutowireCapableBeanFactory.java:430) Creating instance of bean &apos;(inner bean)&apos;
28/03/2013 17:49:39 DEBUG (AbstractAutowireCapableBeanFactory.java:430) Creating instance of bean &apos;(inner bean)&apos;
28/03/2013 17:49:39 DEBUG (AbstractEnvironment.java:114) Initializing new StandardEnvironment
28/03/2013 17:49:39 DEBUG (MutablePropertySources.java:103) Adding [systemProperties] PropertySource with lowest search precedence
28/03/2013 17:49:39 DEBUG (MutablePropertySources.java:103) Adding [systemEnvironment] PropertySource with lowest search precedence
28/03/2013 17:49:39 DEBUG (AbstractEnvironment.java:120) Initialized StandardEnvironment with PropertySources [systemProperties,systemEnvironment]
28/03/2013 17:49:39 DEBUG (AbstractEnvironment.java:114) Initializing new StandardEnvironment
28/03/2013 17:49:39 DEBUG (MutablePropertySources.java:103) Adding [systemProperties] PropertySource with lowest search precedence
28/03/2013 17:49:39 DEBUG (MutablePropertySources.java:103) Adding [systemEnvironment] PropertySource with lowest search precedence
28/03/2013 17:49:39 DEBUG (AbstractEnvironment.java:120) Initialized StandardEnvironment with PropertySources [systemProperties,systemEnvironment]
28/03/2013 17:49:39 DEBUG (AbstractEnvironment.java:114) Initializing new StandardEnvironment
28/03/2013 17:49:39 DEBUG (MutablePropertySources.java:103) Adding [systemProperties] PropertySource with lowest search precedence
28/03/2013 17:49:39 DEBUG (MutablePropertySources.java:103) Adding [systemEnvironment] PropertySource with lowest search precedence
28/03/2013 17:49:39 DEBUG (AbstractEnvironment.java:120) Initialized StandardEnvironment with PropertySources [systemProperties,systemEnvironment]
28/03/2013 17:49:39 DEBUG (AbstractEnvironment.java:114) Initializing new StandardEnvironment
28/03/2013 17:49:39 DEBUG (MutablePropertySources.java:103) Adding [systemProperties] PropertySource with lowest search precedence
28/03/2013 17:49:39 DEBUG (MutablePropertySources.java:103) Adding [systemEnvironment] PropertySource with lowest search precedence
28/03/2013 17:49:39 DEBUG (AbstractEnvironment.java:120) Initialized StandardEnvironment with PropertySources [systemProperties,systemEnvironment]
28/03/2013 17:49:39 DEBUG (AbstractEnvironment.java:114) Initializing new StandardEnvironment
28/03/2013 17:49:39 DEBUG (MutablePropertySources.java:103) Adding [systemProperties] PropertySource with lowest search precedence
28/03/2013 17:49:39 DEBUG (MutablePropertySources.java:103) Adding [systemEnvironment] PropertySource with lowest search precedence
28/03/2013 17:49:39 DEBUG (AbstractEnvironment.java:120) Initialized StandardEnvironment with PropertySources [systemProperties,systemEnvironment]
28/03/2013 17:49:39 DEBUG (AbstractAutowireCapableBeanFactory.java:1498) Invoking afterPropertiesSet() on bean with name &apos;(inner bean)&apos;
28/03/2013 17:49:39 DEBUG (AbstractAutowireCapableBeanFactory.java:458) Finished creating instance of bean &apos;(inner bean)&apos;
28/03/2013 17:49:39 DEBUG (AbstractAutowireCapableBeanFactory.java:458) Finished creating instance of bean &apos;(inner bean)&apos;
28/03/2013 17:49:39 DEBUG (AbstractAutowireCapableBeanFactory.java:430) Creating instance of bean &apos;(inner bean)#1&apos;
28/03/2013 17:49:39 DEBUG (AbstractAutowireCapableBeanFactory.java:430) Creating instance of bean &apos;(inner bean)#1&apos;
28/03/2013 17:49:39 DEBUG (AbstractEnvironment.java:114) Initializing new StandardEnvironment
28/03/2013 17:49:39 DEBUG (MutablePropertySources.java:103) Adding [systemProperties] PropertySource with lowest search precedence
28/03/2013 17:49:39 DEBUG (MutablePropertySources.java:103) Adding [systemEnvironment] PropertySource with lowest search precedence
28/03/2013 17:49:39 DEBUG (AbstractEnvironment.java:120) Initialized StandardEnvironment with PropertySources [systemProperties,systemEnvironment]
28/03/2013 17:49:39 DEBUG (AbstractEnvironment.java:114) Initializing new StandardEnvironment
28/03/2013 17:49:39 DEBUG (MutablePropertySources.java:103) Adding [systemProperties] PropertySource with lowest search precedence
28/03/2013 17:49:39 DEBUG (MutablePropertySources.java:103) Adding [systemEnvironment] PropertySource with lowest search precedence
28/03/2013 17:49:39 DEBUG (AbstractEnvironment.java:120) Initialized StandardEnvironment with PropertySources [systemProperties,systemEnvironment]
28/03/2013 17:49:39 DEBUG (AbstractEnvironment.java:114) Initializing new StandardEnvironment
28/03/2013 17:49:39 DEBUG (MutablePropertySources.java:103) Adding [systemProperties] PropertySource with lowest search precedence
28/03/2013 17:49:39 DEBUG (MutablePropertySources.java:103) Adding [systemEnvironment] PropertySource with lowest search precedence
28/03/2013 17:49:39 DEBUG (AbstractEnvironment.java:120) Initialized StandardEnvironment with PropertySources [systemProperties,systemEnvironment]
28/03/2013 17:49:39 DEBUG (AbstractEnvironment.java:114) Initializing new StandardEnvironment
28/03/2013 17:49:39 DEBUG (MutablePropertySources.java:103) Adding [systemProperties] PropertySource with lowest search precedence
28/03/2013 17:49:39 DEBUG (MutablePropertySources.java:103) Adding [systemEnvironment] PropertySource with lowest search precedence
28/03/2013 17:49:39 DEBUG (AbstractEnvironment.java:120) Initialized StandardEnvironment with PropertySources [systemProperties,systemEnvironment]
28/03/2013 17:49:39 DEBUG (AbstractEnvironment.java:114) Initializing new StandardEnvironment
28/03/2013 17:49:39 DEBUG (MutablePropertySources.java:103) Adding [systemProperties] PropertySource with lowest search precedence
28/03/2013 17:49:39 DEBUG (MutablePropertySources.java:103) Adding [systemEnvironment] PropertySource with lowest search precedence
28/03/2013 17:49:39 DEBUG (AbstractEnvironment.java:120) Initialized StandardEnvironment with PropertySources [systemProperties,systemEnvironment]
28/03/2013 17:49:39 DEBUG (AbstractAutowireCapableBeanFactory.java:1498) Invoking afterPropertiesSet() on bean with name &apos;(inner bean)#1&apos;
28/03/2013 17:49:39 DEBUG (AbstractAutowireCapableBeanFactory.java:458) Finished creating instance of bean &apos;(inner bean)#1&apos;
28/03/2013 17:49:39 DEBUG (AbstractAutowireCapableBeanFactory.java:458) Finished creating instance of bean &apos;(inner bean)#1&apos;
28/03/2013 17:49:39 DEBUG (AbstractEnvironment.java:114) Initializing new StandardEnvironment
28/03/2013 17:49:39 DEBUG (MutablePropertySources.java:103) Adding [systemProperties] PropertySource with lowest search precedence
28/03/2013 17:49:39 DEBUG (MutablePropertySources.java:103) Adding [systemEnvironment] PropertySource with lowest search precedence
28/03/2013 17:49:39 DEBUG (AbstractEnvironment.java:120) Initialized StandardEnvironment with PropertySources [systemProperties,systemEnvironment]
28/03/2013 17:49:39 DEBUG (AbstractEnvironment.java:114) Initializing new StandardEnvironment
28/03/2013 17:49:39 DEBUG (MutablePropertySources.java:103) Adding [systemProperties] PropertySource with lowest search precedence
28/03/2013 17:49:39 DEBUG (MutablePropertySources.java:103) Adding [systemEnvironment] PropertySource with lowest search precedence
28/03/2013 17:49:39 DEBUG (AbstractEnvironment.java:120) Initialized StandardEnvironment with PropertySources [systemProperties,systemEnvironment]
28/03/2013 17:49:39 DEBUG (AbstractEnvironment.java:114) Initializing new StandardEnvironment
28/03/2013 17:49:39 DEBUG (MutablePropertySources.java:103) Adding [systemProperties] PropertySource with lowest search precedence
28/03/2013 17:49:39 DEBUG (MutablePropertySources.java:103) Adding [systemEnvironment] PropertySource with lowest search precedence
28/03/2013 17:49:39 DEBUG (AbstractEnvironment.java:120) Initialized StandardEnvironment with PropertySources [systemProperties,systemEnvironment]
28/03/2013 17:49:39 DEBUG (AbstractEnvironment.java:114) Initializing new StandardEnvironment
28/03/2013 17:49:39 DEBUG (MutablePropertySources.java:103) Adding [systemProperties] PropertySource with lowest search precedence
28/03/2013 17:49:39 DEBUG (MutablePropertySources.java:103) Adding [systemEnvironment] PropertySource with lowest search precedence
28/03/2013 17:49:39 DEBUG (AbstractEnvironment.java:120) Initialized StandardEnvironment with PropertySources [systemProperties,systemEnvironment]
28/03/2013 17:49:39 DEBUG (AbstractEnvironment.java:114) Initializing new StandardEnvironment
28/03/2013 17:49:39 DEBUG (MutablePropertySources.java:103) Adding [systemProperties] PropertySource with lowest search precedence
28/03/2013 17:49:39 DEBUG (MutablePropertySources.java:103) Adding [systemEnvironment] PropertySource with lowest search precedence
28/03/2013 17:49:39 DEBUG (AbstractEnvironment.java:120) Initialized StandardEnvironment with PropertySources [systemProperties,systemEnvironment]
28/03/2013 17:49:39 DEBUG (AbstractAutowireCapableBeanFactory.java:458) Finished creating instance of bean &apos;(inner bean)&apos;
28/03/2013 17:49:39 DEBUG (AbstractAutowireCapableBeanFactory.java:430) Creating instance of bean &apos;(inner bean)#2&apos;
28/03/2013 17:49:39 DEBUG (AbstractEnvironment.java:114) Initializing new StandardEnvironment
28/03/2013 17:49:39 DEBUG (MutablePropertySources.java:103) Adding [systemProperties] PropertySource with lowest search precedence
28/03/2013 17:49:39 DEBUG (MutablePropertySources.java:103) Adding [systemEnvironment] PropertySource with lowest search precedence
28/03/2013 17:49:39 DEBUG (AbstractEnvironment.java:120) Initialized StandardEnvironment with PropertySources [systemProperties,systemEnvironment]
28/03/2013 17:49:39 DEBUG (AbstractEnvironment.java:114) Initializing new StandardEnvironment
28/03/2013 17:49:39 DEBUG (MutablePropertySources.java:103) Adding [systemProperties] PropertySource with lowest search precedence
28/03/2013 17:49:39 DEBUG (MutablePropertySources.java:103) Adding [systemEnvironment] PropertySource with lowest search precedence
28/03/2013 17:49:39 DEBUG (AbstractEnvironment.java:120) Initialized StandardEnvironment with PropertySources [systemProperties,systemEnvironment]
28/03/2013 17:49:39 DEBUG (AbstractEnvironment.java:114) Initializing new StandardEnvironment
28/03/2013 17:49:39 DEBUG (MutablePropertySources.java:103) Adding [systemProperties] PropertySource with lowest search precedence
28/03/2013 17:49:39 DEBUG (MutablePropertySources.java:103) Adding [systemEnvironment] PropertySource with lowest search precedence
28/03/2013 17:49:39 DEBUG (AbstractEnvironment.java:120) Initialized StandardEnvironment with PropertySources [systemProperties,systemEnvironment]
28/03/2013 17:49:39 DEBUG (AbstractEnvironment.java:114) Initializing new StandardEnvironment
28/03/2013 17:49:39 DEBUG (MutablePropertySources.java:103) Adding [systemProperties] PropertySource with lowest search precedence
28/03/2013 17:49:39 DEBUG (MutablePropertySources.java:103) Adding [systemEnvironment] PropertySource with lowest search precedence
28/03/2013 17:49:39 DEBUG (AbstractEnvironment.java:120) Initialized StandardEnvironment with PropertySources [systemProperties,systemEnvironment]
28/03/2013 17:49:39 DEBUG (AbstractEnvironment.java:114) Initializing new StandardEnvironment
28/03/2013 17:49:39 DEBUG (MutablePropertySources.java:103) Adding [systemProperties] PropertySource with lowest search precedence
28/03/2013 17:49:39 DEBUG (MutablePropertySources.java:103) Adding [systemEnvironment] PropertySource with lowest search precedence
28/03/2013 17:49:39 DEBUG (AbstractEnvironment.java:120) Initialized StandardEnvironment with PropertySources [systemProperties,systemEnvironment]
28/03/2013 17:49:39 DEBUG (AbstractAutowireCapableBeanFactory.java:458) Finished creating instance of bean &apos;(inner bean)#2&apos;
28/03/2013 17:49:39 DEBUG (AbstractAutowireCapableBeanFactory.java:1498) Invoking afterPropertiesSet() on bean with name &apos;org.springframework.jdbc.datasource.init.DataSourceInitializer#0&apos;
28/03/2013 17:49:39 DEBUG (DefaultSingletonBeanRegistry.java:488) Retrieved dependent beans for bean &apos;(inner bean)&apos;: [(inner bean), org.springframework.jdbc.datasource.init.DataSourceInitializer#0]
28/03/2013 17:49:39 DEBUG (DefaultSingletonBeanRegistry.java:488) Retrieved dependent beans for bean &apos;(inner bean)#1&apos;: [(inner bean)#1]
28/03/2013 17:49:39 INFO  (DefaultSingletonBeanRegistry.java:433) Destroying singletons in org.springframework.beans.factory.support.DefaultListableBeanFactory@6061a8: defining beans [armadoSalaDaoImpl,clienteDaoImpl,detalleArmadoDaoImpl,detalleReservaDaoImpl,instrumentoDaoImpl,localDaoImpl,reservaDaoImpl,salaDaoImpl,servicioDaoImpl,usuarioDaoImpl,org.springframework.context.annotation.internalConfigurationAnnotationProcessor,org.springframework.context.annotation.internalAutowiredAnnotationProcessor,org.springframework.context.annotation.internalRequiredAnnotationProcessor,org.springframework.context.annotation.internalCommonAnnotationProcessor,usuarioServiceImpl,dataSource,org.springframework.jdbc.datasource.init.DataSourceInitializer#0,transactionManager,org.springframework.context.annotation.ConfigurationClassPostProcessor$ImportAwareBeanPostProcessor#0]; root of factory hierarchy
28/03/2013 17:49:39 DEBUG (DisposableBeanAdapter.java:275) Invoking destroy method &apos;close&apos; on bean with name &apos;dataSource&apos;
28/03/2013 17:49:39 ERROR (TestContextManager.java:324) Caught exception while allowing TestExecutionListener [org.springframework.test.context.support.DependencyInjectionTestExecutionListener@1bd2497] to prepare test instance [edu.upc.clases.demo.ClienteDaoTest@18395a7]
java.lang.IllegalStateException: Failed to load ApplicationContext
	at org.springframework.test.context.TestContext.getApplicationContext(TestContext.java:157)
	at org.springframework.test.context.support.DependencyInjectionTestExecutionListener.injectDependencies(DependencyInjectionTestExecutionListener.java:109)
	at org.springframework.test.context.support.DependencyInjectionTestExecutionListener.prepareTestInstance(DependencyInjectionTestExecutionListener.java:75)
	at org.springframework.test.context.TestContextManager.prepareTestInstance(TestContextManager.java:321)
	at org.springframework.test.context.junit4.SpringJUnit4ClassRunner.createTest(SpringJUnit4ClassRunner.java:211)
	at org.springframework.test.context.junit4.SpringJUnit4ClassRunner$1.runReflectiveCall(SpringJUnit4ClassRunner.java:288)
	at org.junit.internal.runners.model.ReflectiveCallable.run(ReflectiveCallable.java:15)
	at org.springframework.test.context.junit4.SpringJUnit4ClassRunner.methodBlock(SpringJUnit4ClassRunner.java:290)
	at org.springframework.test.context.junit4.SpringJUnit4ClassRunner.runChild(SpringJUnit4ClassRunner.java:231)
	at org.junit.runners.BlockJUnit4ClassRunner.runChild(BlockJUnit4ClassRunner.java:49)
	at org.junit.runners.ParentRunner$3.run(ParentRunner.java:193)
	at org.junit.runners.ParentRunner$1.schedule(ParentRunner.java:52)
	at org.junit.runners.ParentRunner.runChildren(ParentRunner.java:191)
	at org.junit.runners.ParentRunner.access$000(ParentRunner.java:42)
	at org.junit.runners.ParentRunner$2.evaluate(ParentRunner.java:184)
	at org.springframework.test.context.junit4.statements.RunBeforeTestClassCallbacks.evaluate(RunBeforeTestClassCallbacks.java:61)
	at org.springframework.test.context.junit4.statements.RunAfterTestClassCallbacks.evaluate(RunAfterTestClassCallbacks.java:71)
	at org.junit.runners.ParentRunner.run(ParentRunner.java:236)
	at org.springframework.test.context.junit4.SpringJUnit4ClassRunner.run(SpringJUnit4ClassRunner.java:174)
	at org.apache.maven.surefire.junit4.JUnit4TestSet.execute(JUnit4TestSet.java:53)
	at org.apache.maven.surefire.junit4.JUnit4Provider.executeTestSet(JUnit4Provider.java:123)
	at org.apache.maven.surefire.junit4.JUnit4Provider.invoke(JUnit4Provider.java:104)
	at sun.reflect.NativeMethodAccessorImpl.invoke0(Native Method)
	at sun.reflect.NativeMethodAccessorImpl.invoke(NativeMethodAccessorImpl.java:57)
	at sun.reflect.DelegatingMethodAccessorImpl.invoke(DelegatingMethodAccessorImpl.java:43)
	at java.lang.reflect.Method.invoke(Method.java:601)
	at org.apache.maven.surefire.util.ReflectionUtils.invokeMethodWithArray(ReflectionUtils.java:164)
	at org.apache.maven.surefire.booter.ProviderFactory$ProviderProxy.invoke(ProviderFactory.java:110)
	at org.apache.maven.surefire.booter.SurefireStarter.invokeProvider(SurefireStarter.java:175)
	at org.apache.maven.surefire.booter.SurefireStarter.runSuitesInProcessWhenForked(SurefireStarter.java:107)
	at org.apache.maven.surefire.booter.ForkedBooter.main(ForkedBooter.java:68)
Caused by: org.springframework.beans.factory.BeanCreationException: Error creating bean with name &apos;org.springframework.jdbc.datasource.init.DataSourceInitializer#0&apos;: Invocation of init method failed; nested exception is org.springframework.dao.DataAccessResourceFailureException: Failed to execute database script; nested exception is org.apache.commons.dbcp.SQLNestedException: Cannot create PoolableConnectionFactory (Access denied for user &apos;springmvc&apos;@&apos;localhost&apos; (using password: YES))
	at org.springframework.beans.factory.support.AbstractAutowireCapableBeanFactory.initializeBean(AbstractAutowireCapableBeanFactory.java:1455)
	at org.springframework.beans.factory.support.AbstractAutowireCapableBeanFactory.doCreateBean(AbstractAutowireCapableBeanFactory.java:519)
	at org.springframework.beans.factory.support.AbstractAutowireCapableBeanFactory.createBean(AbstractAutowireCapableBeanFactory.java:456)
	at org.springframework.beans.factory.support.AbstractBeanFactory$1.getObject(AbstractBeanFactory.java:294)
	at org.springframework.beans.factory.support.DefaultSingletonBeanRegistry.getSingleton(DefaultSingletonBeanRegistry.java:225)
	at org.springframework.beans.factory.support.AbstractBeanFactory.doGetBean(AbstractBeanFactory.java:291)
	at org.springframework.beans.factory.support.AbstractBeanFactory.getBean(AbstractBeanFactory.java:193)
	at org.springframework.beans.factory.support.DefaultListableBeanFactory.preInstantiateSingletons(DefaultListableBeanFactory.java:585)
	at org.springframework.context.support.AbstractApplicationContext.finishBeanFactoryInitialization(AbstractApplicationContext.java:913)
	at org.springframework.context.support.AbstractApplicationContext.refresh(AbstractApplicationContext.java:464)
	at org.springframework.test.context.support.AbstractGenericContextLoader.loadContext(AbstractGenericContextLoader.java:103)
	at org.springframework.test.context.support.AbstractGenericContextLoader.loadContext(AbstractGenericContextLoader.java:1)
	at org.springframework.test.context.support.DelegatingSmartContextLoader.loadContext(DelegatingSmartContextLoader.java:228)
	at org.springframework.test.context.TestContext.loadApplicationContext(TestContext.java:124)
	at org.springframework.test.context.TestContext.getApplicationContext(TestContext.java:148)
	... 30 more
Caused by: org.springframework.dao.DataAccessResourceFailureException: Failed to execute database script; nested exception is org.apache.commons.dbcp.SQLNestedException: Cannot create PoolableConnectionFactory (Access denied for user &apos;springmvc&apos;@&apos;localhost&apos; (using password: YES))
	at org.springframework.jdbc.datasource.init.DatabasePopulatorUtils.execute(DatabasePopulatorUtils.java:57)
	at org.springframework.jdbc.datasource.init.DataSourceInitializer.afterPropertiesSet(DataSourceInitializer.java:83)
	at org.springframework.beans.factory.support.AbstractAutowireCapableBeanFactory.invokeInitMethods(AbstractAutowireCapableBeanFactory.java:1514)
	at org.springframework.beans.factory.support.AbstractAutowireCapableBeanFactory.initializeBean(AbstractAutowireCapableBeanFactory.java:1452)
	... 44 more
Caused by: org.apache.commons.dbcp.SQLNestedException: Cannot create PoolableConnectionFactory (Access denied for user &apos;springmvc&apos;@&apos;localhost&apos; (using password: YES))
	at org.apache.commons.dbcp.BasicDataSource.createDataSource(BasicDataSource.java:1225)
	at org.apache.commons.dbcp.BasicDataSource.getConnection(BasicDataSource.java:880)
	at org.springframework.jdbc.datasource.init.DatabasePopulatorUtils.execute(DatabasePopulatorUtils.java:43)
	... 47 more
Caused by: java.sql.SQLException: Access denied for user &apos;springmvc&apos;@&apos;localhost&apos; (using password: YES)
	at com.mysql.jdbc.SQLError.createSQLException(SQLError.java:1073)
	at com.mysql.jdbc.MysqlIO.checkErrorPacket(MysqlIO.java:3593)
	at com.mysql.jdbc.MysqlIO.checkErrorPacket(MysqlIO.java:3525)
	at com.mysql.jdbc.MysqlIO.checkErrorPacket(MysqlIO.java:931)
	at com.mysql.jdbc.MysqlIO.secureAuth411(MysqlIO.java:4031)
	at com.mysql.jdbc.MysqlIO.doHandshake(MysqlIO.java:1296)
	at com.mysql.jdbc.ConnectionImpl.coreConnect(ConnectionImpl.java:2338)
	at com.mysql.jdbc.ConnectionImpl.connectOneTryOnly(ConnectionImpl.java:2371)
	at com.mysql.jdbc.ConnectionImpl.createNewIO(ConnectionImpl.java:2163)
	at com.mysql.jdbc.ConnectionImpl.&lt;init&gt;(ConnectionImpl.java:794)
	at com.mysql.jdbc.JDBC4Connection.&lt;init&gt;(JDBC4Connection.java:47)
	at sun.reflect.NativeConstructorAccessorImpl.newInstance0(Native Method)
	at sun.reflect.NativeConstructorAccessorImpl.newInstance(NativeConstructorAccessorImpl.java:57)
	at sun.reflect.DelegatingConstructorAccessorImpl.newInstance(DelegatingConstructorAccessorImpl.java:45)
	at java.lang.reflect.Constructor.newInstance(Constructor.java:525)
	at com.mysql.jdbc.Util.handleNewInstance(Util.java:407)
	at com.mysql.jdbc.ConnectionImpl.getInstance(ConnectionImpl.java:378)
	at com.mysql.jdbc.NonRegisteringDriver.connect(NonRegisteringDriver.java:305)
	at org.apache.commons.dbcp.DriverConnectionFactory.createConnection(DriverConnectionFactory.java:38)
	at org.apache.commons.dbcp.PoolableConnectionFactory.makeObject(PoolableConnectionFactory.java:294)
	at org.apache.commons.dbcp.BasicDataSource.validateConnectionFactory(BasicDataSource.java:1247)
	at org.apache.commons.dbcp.BasicDataSource.createDataSource(BasicDataSource.java:1221)
	... 49 more
</system-out>
  </testcase>
  <testcase time="0.234" classname="edu.upc.clases.demo.ClienteDaoTest" name="testEliminarCliente">
    <error message="Failed to load ApplicationContext" type="java.lang.IllegalStateException">java.lang.IllegalStateException: Failed to load ApplicationContext
	at org.springframework.test.context.TestContext.getApplicationContext(TestContext.java:157)
	at org.springframework.test.context.support.DependencyInjectionTestExecutionListener.injectDependencies(DependencyInjectionTestExecutionListener.java:109)
	at org.springframework.test.context.support.DependencyInjectionTestExecutionListener.prepareTestInstance(DependencyInjectionTestExecutionListener.java:75)
	at org.springframework.test.context.TestContextManager.prepareTestInstance(TestContextManager.java:321)
	at org.springframework.test.context.junit4.SpringJUnit4ClassRunner.createTest(SpringJUnit4ClassRunner.java:211)
	at org.springframework.test.context.junit4.SpringJUnit4ClassRunner$1.runReflectiveCall(SpringJUnit4ClassRunner.java:288)
	at org.junit.internal.runners.model.ReflectiveCallable.run(ReflectiveCallable.java:15)
[...]
28/03/2013 17:49:40 DEBUG (AbstractEnvironment.java:114) Initializing new StandardEnvironment
28/03/2013 17:49:40 DEBUG (MutablePropertySources.java:103) Adding [systemProperties] PropertySource with lowest search precedence
28/03/2013 17:49:40 DEBUG (MutablePropertySources.java:103) Adding [systemEnvironment] PropertySource with lowest search precedence
28/03/2013 17:49:40 DEBUG (AbstractEnvironment.java:120) Initialized StandardEnvironment with PropertySources [systemProperties,systemEnvironment]
28/03/2013 17:49:40 DEBUG (AbstractAutowireCapableBeanFactory.java:1498) Invoking afterPropertiesSet() on bean with name &apos;(inner bean)&apos;
28/03/2013 17:49:40 DEBUG (AbstractAutowireCapableBeanFactory.java:458) Finished creating instance of bean &apos;(inner bean)&apos;
28/03/2013 17:49:40 DEBUG (AbstractAutowireCapableBeanFactory.java:458) Finished creating instance of bean &apos;(inner bean)&apos;
28/03/2013 17:49:40 DEBUG (AbstractAutowireCapableBeanFactory.java:430) Creating instance of bean &apos;(inner bean)#1&apos;
28/03/2013 17:49:40 DEBUG (AbstractAutowireCapableBeanFactory.java:430) Creating instance of bean &apos;(inner bean)#1&apos;
28/03/2013 17:49:40 DEBUG (AbstractEnvironment.java:114) Initializing new StandardEnvironment
28/03/2013 17:49:40 DEBUG (MutablePropertySources.java:103) Adding [systemProperties] PropertySource with lowest search precedence
28/03/2013 17:49:40 DEBUG (MutablePropertySources.java:103) Adding [systemEnvironment] PropertySource with lowest search precedence
28/03/2013 17:49:40 DEBUG (AbstractEnvironment.java:120) Initialized StandardEnvironment with PropertySources [systemProperties,systemEnvironment]
28/03/2013 17:49:40 DEBUG (AbstractEnvironment.java:114) Initializing new StandardEnvironment
28/03/2013 17:49:40 DEBUG (MutablePropertySources.java:103) Adding [systemProperties] PropertySource with lowest search precedence
28/03/2013 17:49:40 DEBUG (MutablePropertySources.java:103) Adding [systemEnvironment] PropertySource with lowest search precedence
28/03/2013 17:49:40 DEBUG (AbstractEnvironment.java:120) Initialized StandardEnvironment with PropertySources [systemProperties,systemEnvironment]
28/03/2013 17:49:40 DEBUG (AbstractEnvironment.java:114) Initializing new StandardEnvironment
28/03/2013 17:49:40 DEBUG (MutablePropertySources.java:103) Adding [systemProperties] PropertySource with lowest search precedence
28/03/2013 17:49:40 DEBUG (MutablePropertySources.java:103) Adding [systemEnvironment] PropertySource with lowest search precedence
28/03/2013 17:49:40 DEBUG (AbstractEnvironment.java:120) Initialized StandardEnvironment with PropertySources [systemProperties,systemEnvironment]
28/03/2013 17:49:40 DEBUG (AbstractEnvironment.java:114) Initializing new StandardEnvironment
28/03/2013 17:49:40 DEBUG (MutablePropertySources.java:103) Adding [systemProperties] PropertySource with lowest search precedence
28/03/2013 17:49:40 DEBUG (MutablePropertySources.java:103) Adding [systemEnvironment] PropertySource with lowest search precedence
28/03/2013 17:49:40 DEBUG (AbstractEnvironment.java:120) Initialized StandardEnvironment with PropertySources [systemProperties,systemEnvironment]
28/03/2013 17:49:40 DEBUG (AbstractEnvironment.java:114) Initializing new StandardEnvironment
28/03/2013 17:49:40 DEBUG (MutablePropertySources.java:103) Adding [systemProperties] PropertySource with lowest search precedence
28/03/2013 17:49:40 DEBUG (MutablePropertySources.java:103) Adding [systemEnvironment] PropertySource with lowest search precedence
28/03/2013 17:49:40 DEBUG (AbstractEnvironment.java:120) Initialized StandardEnvironment with PropertySources [systemProperties,systemEnvironment]
28/03/2013 17:49:40 DEBUG (AbstractAutowireCapableBeanFactory.java:1498) Invoking afterPropertiesSet() on bean with name &apos;(inner bean)#1&apos;
28/03/2013 17:49:40 DEBUG (AbstractAutowireCapableBeanFactory.java:458) Finished creating instance of bean &apos;(inner bean)#1&apos;
28/03/2013 17:49:40 DEBUG (AbstractAutowireCapableBeanFactory.java:458) Finished creating instance of bean &apos;(inner bean)#1&apos;
28/03/2013 17:49:40 DEBUG (AbstractEnvironment.java:114) Initializing new StandardEnvironment
28/03/2013 17:49:40 DEBUG (MutablePropertySources.java:103) Adding [systemProperties] PropertySource with lowest search precedence
28/03/2013 17:49:40 DEBUG (MutablePropertySources.java:103) Adding [systemEnvironment] PropertySource with lowest search precedence
28/03/2013 17:49:40 DEBUG (AbstractEnvironment.java:120) Initialized StandardEnvironment with PropertySources [systemProperties,systemEnvironment]
28/03/2013 17:49:40 DEBUG (AbstractEnvironment.java:114) Initializing new StandardEnvironment
28/03/2013 17:49:40 DEBUG (MutablePropertySources.java:103) Adding [systemProperties] PropertySource with lowest search precedence
28/03/2013 17:49:40 DEBUG (MutablePropertySources.java:103) Adding [systemEnvironment] PropertySource with lowest search precedence
28/03/2013 17:49:40 DEBUG (AbstractEnvironment.java:120) Initialized StandardEnvironment with PropertySources [systemProperties,systemEnvironment]
28/03/2013 17:49:40 DEBUG (AbstractEnvironment.java:114) Initializing new StandardEnvironment
28/03/2013 17:49:40 DEBUG (MutablePropertySources.java:103) Adding [systemProperties] PropertySource with lowest search precedence
28/03/2013 17:49:40 DEBUG (MutablePropertySources.java:103) Adding [systemEnvironment] PropertySource with lowest search precedence
28/03/2013 17:49:40 DEBUG (AbstractEnvironment.java:120) Initialized StandardEnvironment with PropertySources [systemProperties,systemEnvironment]
28/03/2013 17:49:40 DEBUG (AbstractEnvironment.java:114) Initializing new StandardEnvironment
28/03/2013 17:49:40 DEBUG (MutablePropertySources.java:103) Adding [systemProperties] PropertySource with lowest search precedence
28/03/2013 17:49:40 DEBUG (MutablePropertySources.java:103) Adding [systemEnvironment] PropertySource with lowest search precedence
28/03/2013 17:49:40 DEBUG (AbstractEnvironment.java:120) Initialized StandardEnvironment with PropertySources [systemProperties,systemEnvironment]
28/03/2013 17:49:40 DEBUG (AbstractEnvironment.java:114) Initializing new StandardEnvironment
28/03/2013 17:49:40 DEBUG (MutablePropertySources.java:103) Adding [systemProperties] PropertySource with lowest search precedence
28/03/2013 17:49:40 DEBUG (MutablePropertySources.java:103) Adding [systemEnvironment] PropertySource with lowest search precedence
28/03/2013 17:49:40 DEBUG (AbstractEnvironment.java:120) Initialized StandardEnvironment with PropertySources [systemProperties,systemEnvironment]
28/03/2013 17:49:40 DEBUG (AbstractAutowireCapableBeanFactory.java:458) Finished creating instance of bean &apos;(inner bean)&apos;
28/03/2013 17:49:40 DEBUG (AbstractAutowireCapableBeanFactory.java:430) Creating instance of bean &apos;(inner bean)#2&apos;
28/03/2013 17:49:40 DEBUG (AbstractEnvironment.java:114) Initializing new StandardEnvironment
28/03/2013 17:49:40 DEBUG (MutablePropertySources.java:103) Adding [systemProperties] PropertySource with lowest search precedence
28/03/2013 17:49:40 DEBUG (MutablePropertySources.java:103) Adding [systemEnvironment] PropertySource with lowest search precedence
28/03/2013 17:49:40 DEBUG (AbstractEnvironment.java:120) Initialized StandardEnvironment with PropertySources [systemProperties,systemEnvironment]
28/03/2013 17:49:40 DEBUG (AbstractEnvironment.java:114) Initializing new StandardEnvironment
28/03/2013 17:49:40 DEBUG (MutablePropertySources.java:103) Adding [systemProperties] PropertySource with lowest search precedence
28/03/2013 17:49:40 DEBUG (MutablePropertySources.java:103) Adding [systemEnvironment] PropertySource with lowest search precedence
28/03/2013 17:49:40 DEBUG (AbstractEnvironment.java:120) Initialized StandardEnvironment with PropertySources [systemProperties,systemEnvironment]
28/03/2013 17:49:40 DEBUG (AbstractEnvironment.java:114) Initializing new StandardEnvironment
28/03/2013 17:49:40 DEBUG (MutablePropertySources.java:103) Adding [systemProperties] PropertySource with lowest search precedence
28/03/2013 17:49:40 DEBUG (MutablePropertySources.java:103) Adding [systemEnvironment] PropertySource with lowest search precedence
28/03/2013 17:49:40 DEBUG (AbstractEnvironment.java:120) Initialized StandardEnvironment with PropertySources [systemProperties,systemEnvironment]
28/03/2013 17:49:40 DEBUG (AbstractEnvironment.java:114) Initializing new StandardEnvironment
28/03/2013 17:49:40 DEBUG (MutablePropertySources.java:103) Adding [systemProperties] PropertySource with lowest search precedence
28/03/2013 17:49:40 DEBUG (MutablePropertySources.java:103) Adding [systemEnvironment] PropertySource with lowest search precedence
28/03/2013 17:49:40 DEBUG (AbstractEnvironment.java:120) Initialized StandardEnvironment with PropertySources [systemProperties,systemEnvironment]
28/03/2013 17:49:40 DEBUG (AbstractEnvironment.java:114) Initializing new StandardEnvironment
28/03/2013 17:49:40 DEBUG (MutablePropertySources.java:103) Adding [systemProperties] PropertySource with lowest search precedence
28/03/2013 17:49:40 DEBUG (MutablePropertySources.java:103) Adding [systemEnvironment] PropertySource with lowest search precedence
28/03/2013 17:49:40 DEBUG (AbstractEnvironment.java:120) Initialized StandardEnvironment with PropertySources [systemProperties,systemEnvironment]
28/03/2013 17:49:40 DEBUG (AbstractAutowireCapableBeanFactory.java:458) Finished creating instance of bean &apos;(inner bean)#2&apos;
28/03/2013 17:49:40 DEBUG (AbstractAutowireCapableBeanFactory.java:1498) Invoking afterPropertiesSet() on bean with name &apos;org.springframework.jdbc.datasource.init.DataSourceInitializer#0&apos;
28/03/2013 17:49:40 DEBUG (DefaultSingletonBeanRegistry.java:488) Retrieved dependent beans for bean &apos;(inner bean)&apos;: [(inner bean), org.springframework.jdbc.datasource.init.DataSourceInitializer#0]
28/03/2013 17:49:40 DEBUG (DefaultSingletonBeanRegistry.java:488) Retrieved dependent beans for bean &apos;(inner bean)#1&apos;: [(inner bean)#1]
28/03/2013 17:49:40 INFO  (DefaultSingletonBeanRegistry.java:433) Destroying singletons in org.springframework.beans.factory.support.DefaultListableBeanFactory@1d68352: defining beans [armadoSalaDaoImpl,clienteDaoImpl,detalleArmadoDaoImpl,detalleReservaDaoImpl,instrumentoDaoImpl,localDaoImpl,reservaDaoImpl,salaDaoImpl,servicioDaoImpl,usuarioDaoImpl,org.springframework.context.annotation.internalConfigurationAnnotationProcessor,org.springframework.context.annotation.internalAutowiredAnnotationProcessor,org.springframework.context.annotation.internalRequiredAnnotationProcessor,org.springframework.context.annotation.internalCommonAnnotationProcessor,usuarioServiceImpl,dataSource,org.springframework.jdbc.datasource.init.DataSourceInitializer#0,transactionManager,org.springframework.context.annotation.ConfigurationClassPostProcessor$ImportAwareBeanPostProcessor#0]; root of factory hierarchy
28/03/2013 17:49:40 DEBUG (DisposableBeanAdapter.java:275) Invoking destroy method &apos;close&apos; on bean with name &apos;dataSource&apos;
28/03/2013 17:49:40 ERROR (TestContextManager.java:324) Caught exception while allowing TestExecutionListener [org.springframework.test.context.support.DependencyInjectionTestExecutionListener@1bd2497] to prepare test instance [edu.upc.clases.demo.ClienteDaoTest@10bc6c8]
java.lang.IllegalStateException: Failed to load ApplicationContext
	at org.springframework.test.context.TestContext.getApplicationContext(TestContext.java:157)
	at org.springframework.test.context.support.DependencyInjectionTestExecutionListener.injectDependencies(DependencyInjectionTestExecutionListener.java:109)
	at org.springframework.test.context.support.DependencyInjectionTestExecutionListener.prepareTestInstance(DependencyInjectionTestExecutionListener.java:75)
	at org.springframework.test.context.TestContextManager.prepareTestInstance(TestContextManager.java:321)
	at org.springframework.test.context.junit4.SpringJUnit4ClassRunner.createTest(SpringJUnit4ClassRunner.java:211)
	at org.springframework.test.context.junit4.SpringJUnit4ClassRunner$1.runReflectiveCall(SpringJUnit4ClassRunner.java:288)
	at org.junit.internal.runners.model.ReflectiveCallable.run(ReflectiveCallable.java:15)
	at org.springframework.test.context.junit4.SpringJUnit4ClassRunner.methodBlock(SpringJUnit4ClassRunner.java:290)
	at org.springframework.test.context.junit4.SpringJUnit4ClassRunner.runChild(SpringJUnit4ClassRunner.java:231)
	at org.junit.runners.BlockJUnit4ClassRunner.runChild(BlockJUnit4ClassRunner.java:49)
	at org.junit.runners.ParentRunner$3.run(ParentRunner.java:193)
	at org.junit.runners.ParentRunner$1.schedule(ParentRunner.java:52)
	at org.junit.runners.ParentRunner.runChildren(ParentRunner.java:191)
	at org.junit.runners.ParentRunner.access$000(ParentRunner.java:42)
	at org.junit.runners.ParentRunner$2.evaluate(ParentRunner.java:184)
	at org.springframework.test.context.junit4.statements.RunBeforeTestClassCallbacks.evaluate(RunBeforeTestClassCallbacks.java:61)
	at org.springframework.test.context.junit4.statements.RunAfterTestClassCallbacks.evaluate(RunAfterTestClassCallbacks.java:71)
	at org.junit.runners.ParentRunner.run(ParentRunner.java:236)
	at org.springframework.test.context.junit4.SpringJUnit4ClassRunner.run(SpringJUnit4ClassRunner.java:174)
	at org.apache.maven.surefire.junit4.JUnit4TestSet.execute(JUnit4TestSet.java:53)
	at org.apache.maven.surefire.junit4.JUnit4Provider.executeTestSet(JUnit4Provider.java:123)
	at org.apache.maven.surefire.junit4.JUnit4Provider.invoke(JUnit4Provider.java:104)
	at sun.reflect.NativeMethodAccessorImpl.invoke0(Native Method)
	at sun.reflect.NativeMethodAccessorImpl.invoke(NativeMethodAccessorImpl.java:57)
	at sun.reflect.DelegatingMethodAccessorImpl.invoke(DelegatingMethodAccessorImpl.java:43)
	at java.lang.reflect.Method.invoke(Method.java:601)
	at org.apache.maven.surefire.util.ReflectionUtils.invokeMethodWithArray(ReflectionUtils.java:164)
	at org.apache.maven.surefire.booter.ProviderFactory$ProviderProxy.invoke(ProviderFactory.java:110)
	at org.apache.maven.surefire.booter.SurefireStarter.invokeProvider(SurefireStarter.java:175)
	at org.apache.maven.surefire.booter.SurefireStarter.runSuitesInProcessWhenForked(SurefireStarter.java:107)
	at org.apache.maven.surefire.booter.ForkedBooter.main(ForkedBooter.java:68)
Caused by: org.springframework.beans.factory.BeanCreationException: Error creating bean with name &apos;org.springframework.jdbc.datasource.init.DataSourceInitializer#0&apos;: Invocation of init method failed; nested exception is org.springframework.dao.DataAccessResourceFailureException: Failed to execute database script; nested exception is org.apache.commons.dbcp.SQLNestedException: Cannot create PoolableConnectionFactory (Access denied for user &apos;springmvc&apos;@&apos;localhost&apos; (using password: YES))
	at org.springframework.beans.factory.support.AbstractAutowireCapableBeanFactory.initializeBean(AbstractAutowireCapableBeanFactory.java:1455)
	at org.springframework.beans.factory.support.AbstractAutowireCapableBeanFactory.doCreateBean(AbstractAutowireCapableBeanFactory.java:519)
	at org.springframework.beans.factory.support.AbstractAutowireCapableBeanFactory.createBean(AbstractAutowireCapableBeanFactory.java:456)
	at org.springframework.beans.factory.support.AbstractBeanFactory$1.getObject(AbstractBeanFactory.java:294)
	at org.springframework.beans.factory.support.DefaultSingletonBeanRegistry.getSingleton(DefaultSingletonBeanRegistry.java:225)
	at org.springframework.beans.factory.support.AbstractBeanFactory.doGetBean(AbstractBeanFactory.java:291)
	at org.springframework.beans.factory.support.AbstractBeanFactory.getBean(AbstractBeanFactory.java:193)
	at org.springframework.beans.factory.support.DefaultListableBeanFactory.preInstantiateSingletons(DefaultListableBeanFactory.java:585)
	at org.springframework.context.support.AbstractApplicationContext.finishBeanFactoryInitialization(AbstractApplicationContext.java:913)
	at org.springframework.context.support.AbstractApplicationContext.refresh(AbstractApplicationContext.java:464)
	at org.springframework.test.context.support.AbstractGenericContextLoader.loadContext(AbstractGenericContextLoader.java:103)
	at org.springframework.test.context.support.AbstractGenericContextLoader.loadContext(AbstractGenericContextLoader.java:1)
	at org.springframework.test.context.support.DelegatingSmartContextLoader.loadContext(DelegatingSmartContextLoader.java:228)
	at org.springframework.test.context.TestContext.loadApplicationContext(TestContext.java:124)
	at org.springframework.test.context.TestContext.getApplicationContext(TestContext.java:148)
	... 30 more
Caused by: org.springframework.dao.DataAccessResourceFailureException: Failed to execute database script; nested exception is org.apache.commons.dbcp.SQLNestedException: Cannot create PoolableConnectionFactory (Access denied for user &apos;springmvc&apos;@&apos;localhost&apos; (using password: YES))
	at org.springframework.jdbc.datasource.init.DatabasePopulatorUtils.execute(DatabasePopulatorUtils.java:57)
	at org.springframework.jdbc.datasource.init.DataSourceInitializer.afterPropertiesSet(DataSourceInitializer.java:83)
	at org.springframework.beans.factory.support.AbstractAutowireCapableBeanFactory.invokeInitMethods(AbstractAutowireCapableBeanFactory.java:1514)
	at org.springframework.beans.factory.support.AbstractAutowireCapableBeanFactory.initializeBean(AbstractAutowireCapableBeanFactory.java:1452)
	... 44 more
Caused by: org.apache.commons.dbcp.SQLNestedException: Cannot create PoolableConnectionFactory (Access denied for user &apos;springmvc&apos;@&apos;localhost&apos; (using password: YES))
	at org.apache.commons.dbcp.BasicDataSource.createDataSource(BasicDataSource.java:1225)
	at org.apache.commons.dbcp.BasicDataSource.getConnection(BasicDataSource.java:880)
	at org.springframework.jdbc.datasource.init.DatabasePopulatorUtils.execute(DatabasePopulatorUtils.java:43)
	... 47 more
Caused by: java.sql.SQLException: Access denied for user &apos;springmvc&apos;@&apos;localhost&apos; (using password: YES)
	at com.mysql.jdbc.SQLError.createSQLException(SQLError.java:1073)
	at com.mysql.jdbc.MysqlIO.checkErrorPacket(MysqlIO.java:3593)
	at com.mysql.jdbc.MysqlIO.checkErrorPacket(MysqlIO.java:3525)
	at com.mysql.jdbc.MysqlIO.checkErrorPacket(MysqlIO.java:931)
	at com.mysql.jdbc.MysqlIO.secureAuth411(MysqlIO.java:4031)
	at com.mysql.jdbc.MysqlIO.doHandshake(MysqlIO.java:1296)
	at com.mysql.jdbc.ConnectionImpl.coreConnect(ConnectionImpl.java:2338)
	at com.mysql.jdbc.ConnectionImpl.connectOneTryOnly(ConnectionImpl.java:2371)
	at com.mysql.jdbc.ConnectionImpl.createNewIO(ConnectionImpl.java:2163)
	at com.mysql.jdbc.ConnectionImpl.&lt;init&gt;(ConnectionImpl.java:794)
	at com.mysql.jdbc.JDBC4Connection.&lt;init&gt;(JDBC4Connection.java:47)
	at sun.reflect.NativeConstructorAccessorImpl.newInstance0(Native Method)
	at sun.reflect.NativeConstructorAccessorImpl.newInstance(NativeConstructorAccessorImpl.java:57)
	at sun.reflect.DelegatingConstructorAccessorImpl.newInstance(DelegatingConstructorAccessorImpl.java:45)
	at java.lang.reflect.Constructor.newInstance(Constructor.java:525)
	at com.mysql.jdbc.Util.handleNewInstance(Util.java:407)
	at com.mysql.jdbc.ConnectionImpl.getInstance(ConnectionImpl.java:378)
	at com.mysql.jdbc.NonRegisteringDriver.connect(NonRegisteringDriver.java:305)
	at org.apache.commons.dbcp.DriverConnectionFactory.createConnection(DriverConnectionFactory.java:38)
	at org.apache.commons.dbcp.PoolableConnectionFactory.makeObject(PoolableConnectionFactory.java:294)
	at org.apache.commons.dbcp.BasicDataSource.validateConnectionFactory(BasicDataSource.java:1247)
	at org.apache.commons.dbcp.BasicDataSource.createDataSource(BasicDataSource.java:1221)
	... 49 more
</system-out>
  </testcase>
</testsuite>